01-Aug-2025 14:06:28.257 INFO [main] org.apache.catalina.startup.VersionLoggerListener.log Server version name:   Apache Tomcat/9.0.104
01-Aug-2025 14:06:28.265 INFO [main] org.apache.catalina.startup.VersionLoggerListener.log Server built:          Apr 4 2025 12:32:55 UTC
01-Aug-2025 14:06:28.266 INFO [main] org.apache.catalina.startup.VersionLoggerListener.log Server version number: 9.0.104.0
01-Aug-2025 14:06:28.266 INFO [main] org.apache.catalina.startup.VersionLoggerListener.log OS Name:               Windows 11
01-Aug-2025 14:06:28.267 INFO [main] org.apache.catalina.startup.VersionLoggerListener.log OS Version:            10.0
01-Aug-2025 14:06:28.267 INFO [main] org.apache.catalina.startup.VersionLoggerListener.log Architecture:          amd64
01-Aug-2025 14:06:28.267 INFO [main] org.apache.catalina.startup.VersionLoggerListener.log Java Home:             C:\Users\rashm\.jdks\openjdk-23.0.2
01-Aug-2025 14:06:28.267 INFO [main] org.apache.catalina.startup.VersionLoggerListener.log JVM Version:           23.0.2+7-58
01-Aug-2025 14:06:28.267 INFO [main] org.apache.catalina.startup.VersionLoggerListener.log JVM Vendor:            Oracle Corporation
01-Aug-2025 14:06:28.267 INFO [main] org.apache.catalina.startup.VersionLoggerListener.log CATALINA_BASE:         C:\LocalConnect
01-Aug-2025 14:06:28.268 INFO [main] org.apache.catalina.startup.VersionLoggerListener.log CATALINA_HOME:         C:\apache-tomcat-9.0.104
01-Aug-2025 14:06:28.282 INFO [main] org.apache.catalina.startup.VersionLoggerListener.log Command line argument: --add-opens=java.base/java.lang=ALL-UNNAMED
01-Aug-2025 14:06:28.282 INFO [main] org.apache.catalina.startup.VersionLoggerListener.log Command line argument: --add-opens=java.base/java.io=ALL-UNNAMED
01-Aug-2025 14:06:28.282 INFO [main] org.apache.catalina.startup.VersionLoggerListener.log Command line argument: --add-opens=java.base/java.util=ALL-UNNAMED
01-Aug-2025 14:06:28.283 INFO [main] org.apache.catalina.startup.VersionLoggerListener.log Command line argument: --add-opens=java.base/java.util.concurrent=ALL-UNNAMED
01-Aug-2025 14:06:28.283 INFO [main] org.apache.catalina.startup.VersionLoggerListener.log Command line argument: --add-opens=java.rmi/sun.rmi.transport=ALL-UNNAMED
01-Aug-2025 14:06:28.283 INFO [main] org.apache.catalina.startup.VersionLoggerListener.log Command line argument: -Dcatalina.home=C:\apache-tomcat-9.0.104
01-Aug-2025 14:06:28.283 INFO [main] org.apache.catalina.startup.VersionLoggerListener.log Command line argument: -Dcatalina.base=C:\LocalConnect
01-Aug-2025 14:06:28.283 INFO [main] org.apache.catalina.startup.VersionLoggerListener.log Command line argument: -Djava.io.tmpdir=C:\LocalConnect\temp
01-Aug-2025 14:06:28.284 INFO [main] org.apache.catalina.startup.VersionLoggerListener.log Command line argument: -Djava.util.logging.config.file=C:\LocalConnect\conf\logging.properties
01-Aug-2025 14:06:28.284 INFO [main] org.apache.catalina.startup.VersionLoggerListener.log Command line argument: -Djava.util.logging.manager=org.apache.juli.ClassLoaderLogManager
01-Aug-2025 14:06:28.284 INFO [main] org.apache.catalina.startup.VersionLoggerListener.log Command line argument: -javaagent:C:\Users\rashm\ideaIC-2024.1.4.win\lib\idea_rt.jar=60523:C:\Users\rashm\ideaIC-2024.1.4.win\bin
01-Aug-2025 14:06:28.284 INFO [main] org.apache.catalina.startup.VersionLoggerListener.log Command line argument: -Dfile.encoding=UTF-8
01-Aug-2025 14:06:28.284 INFO [main] org.apache.catalina.startup.VersionLoggerListener.log Command line argument: -Dsun.stdout.encoding=UTF-8
01-Aug-2025 14:06:28.284 INFO [main] org.apache.catalina.startup.VersionLoggerListener.log Command line argument: -Dsun.stderr.encoding=UTF-8
01-Aug-2025 14:06:28.292 INFO [main] org.apache.catalina.core.AprLifecycleListener.lifecycleEvent Loaded Apache Tomcat Native library [1.3.1] using APR version [1.7.4].
01-Aug-2025 14:06:28.292 INFO [main] org.apache.catalina.core.AprLifecycleListener.lifecycleEvent APR capabilities: IPv6 [true], sendfile [true], accept filters [false], random [true], UDS [true].
01-Aug-2025 14:06:28.293 INFO [main] org.apache.catalina.core.AprLifecycleListener.lifecycleEvent APR/OpenSSL configuration: useAprConnector [false], useOpenSSL [true]
01-Aug-2025 14:06:28.307 INFO [main] org.apache.catalina.core.AprLifecycleListener.initializeSSL OpenSSL successfully initialized [OpenSSL 3.0.14 4 Jun 2024]
01-Aug-2025 14:06:29.081 INFO [main] org.apache.coyote.AbstractProtocol.init Initializing ProtocolHandler ["http-nio-8080"]
01-Aug-2025 14:06:29.114 INFO [main] org.apache.catalina.startup.Catalina.load Server initialization in [1271] milliseconds
01-Aug-2025 14:06:29.210 INFO [main] org.apache.catalina.core.StandardService.startInternal Starting service [Catalina]
01-Aug-2025 14:06:29.210 INFO [main] org.apache.catalina.core.StandardEngine.startInternal Starting Servlet engine: [Apache Tomcat/9.0.104]
01-Aug-2025 14:06:29.229 INFO [main] org.apache.catalina.startup.HostConfig.deployDescriptor Deploying deployment descriptor [C:\LocalConnect\conf\Catalina\localhost\connect.xml]
01-Aug-2025 14:06:30.537 INFO [main] org.apache.jasper.servlet.TldScanner.scanJars At least one JAR was scanned for TLDs yet contained no TLDs. Enable debug logging for this logger for a complete list of JARs that were scanned but no TLDs were found in them. Skipping unneeded JARs during scanning can improve startup time and JSP compilation time.
01-Aug-2025 14:06:30.655 INFO [main] org.apache.catalina.startup.HostConfig.deployDescriptor Deployment of deployment descriptor [C:\LocalConnect\conf\Catalina\localhost\connect.xml] has finished in [1,425] ms
01-Aug-2025 14:06:30.664 INFO [main] org.apache.coyote.AbstractProtocol.start Starting ProtocolHandler ["http-nio-8080"]
01-Aug-2025 14:06:30.704 INFO [main] org.apache.catalina.startup.Catalina.start Server startup in [1586] milliseconds
01-Aug-2025 14:19:06.240 INFO [Thread-1] org.apache.coyote.AbstractProtocol.pause Pausing ProtocolHandler ["http-nio-8080"]
01-Aug-2025 14:19:06.250 INFO [Thread-1] org.apache.catalina.core.StandardService.stopInternal Stopping service [Catalina]
01-Aug-2025 14:19:06.276 INFO [Thread-1] org.apache.coyote.AbstractProtocol.stop Stopping ProtocolHandler ["http-nio-8080"]
01-Aug-2025 14:19:06.284 INFO [Thread-1] org.apache.coyote.AbstractProtocol.destroy Destroying ProtocolHandler ["http-nio-8080"]
01-Aug-2025 14:19:11.010 INFO [main] org.apache.catalina.startup.VersionLoggerListener.log Server version name:   Apache Tomcat/9.0.104
01-Aug-2025 14:19:11.016 INFO [main] org.apache.catalina.startup.VersionLoggerListener.log Server built:          Apr 4 2025 12:32:55 UTC
01-Aug-2025 14:19:11.016 INFO [main] org.apache.catalina.startup.VersionLoggerListener.log Server version number: 9.0.104.0
01-Aug-2025 14:19:11.017 INFO [main] org.apache.catalina.startup.VersionLoggerListener.log OS Name:               Windows 11
01-Aug-2025 14:19:11.017 INFO [main] org.apache.catalina.startup.VersionLoggerListener.log OS Version:            10.0
01-Aug-2025 14:19:11.017 INFO [main] org.apache.catalina.startup.VersionLoggerListener.log Architecture:          amd64
01-Aug-2025 14:19:11.018 INFO [main] org.apache.catalina.startup.VersionLoggerListener.log Java Home:             C:\Users\rashm\.jdks\openjdk-23.0.2
01-Aug-2025 14:19:11.018 INFO [main] org.apache.catalina.startup.VersionLoggerListener.log JVM Version:           23.0.2+7-58
01-Aug-2025 14:19:11.018 INFO [main] org.apache.catalina.startup.VersionLoggerListener.log JVM Vendor:            Oracle Corporation
01-Aug-2025 14:19:11.018 INFO [main] org.apache.catalina.startup.VersionLoggerListener.log CATALINA_BASE:         C:\LocalConnect
01-Aug-2025 14:19:11.018 INFO [main] org.apache.catalina.startup.VersionLoggerListener.log CATALINA_HOME:         C:\apache-tomcat-9.0.104
01-Aug-2025 14:19:11.035 INFO [main] org.apache.catalina.startup.VersionLoggerListener.log Command line argument: --add-opens=java.base/java.lang=ALL-UNNAMED
01-Aug-2025 14:19:11.036 INFO [main] org.apache.catalina.startup.VersionLoggerListener.log Command line argument: --add-opens=java.base/java.io=ALL-UNNAMED
01-Aug-2025 14:19:11.036 INFO [main] org.apache.catalina.startup.VersionLoggerListener.log Command line argument: --add-opens=java.base/java.util=ALL-UNNAMED
01-Aug-2025 14:19:11.036 INFO [main] org.apache.catalina.startup.VersionLoggerListener.log Command line argument: --add-opens=java.base/java.util.concurrent=ALL-UNNAMED
01-Aug-2025 14:19:11.036 INFO [main] org.apache.catalina.startup.VersionLoggerListener.log Command line argument: --add-opens=java.rmi/sun.rmi.transport=ALL-UNNAMED
01-Aug-2025 14:19:11.036 INFO [main] org.apache.catalina.startup.VersionLoggerListener.log Command line argument: -Dcatalina.home=C:\apache-tomcat-9.0.104
01-Aug-2025 14:19:11.036 INFO [main] org.apache.catalina.startup.VersionLoggerListener.log Command line argument: -Dcatalina.base=C:\LocalConnect
01-Aug-2025 14:19:11.036 INFO [main] org.apache.catalina.startup.VersionLoggerListener.log Command line argument: -Djava.io.tmpdir=C:\LocalConnect\temp
01-Aug-2025 14:19:11.037 INFO [main] org.apache.catalina.startup.VersionLoggerListener.log Command line argument: -Djava.util.logging.config.file=C:\LocalConnect\conf\logging.properties
01-Aug-2025 14:19:11.037 INFO [main] org.apache.catalina.startup.VersionLoggerListener.log Command line argument: -Djava.util.logging.manager=org.apache.juli.ClassLoaderLogManager
01-Aug-2025 14:19:11.037 INFO [main] org.apache.catalina.startup.VersionLoggerListener.log Command line argument: -javaagent:C:\Users\rashm\ideaIC-2024.1.4.win\lib\idea_rt.jar=60583:C:\Users\rashm\ideaIC-2024.1.4.win\bin
01-Aug-2025 14:19:11.037 INFO [main] org.apache.catalina.startup.VersionLoggerListener.log Command line argument: -Dfile.encoding=UTF-8
01-Aug-2025 14:19:11.038 INFO [main] org.apache.catalina.startup.VersionLoggerListener.log Command line argument: -Dsun.stdout.encoding=UTF-8
01-Aug-2025 14:19:11.038 INFO [main] org.apache.catalina.startup.VersionLoggerListener.log Command line argument: -Dsun.stderr.encoding=UTF-8
01-Aug-2025 14:19:11.044 INFO [main] org.apache.catalina.core.AprLifecycleListener.lifecycleEvent Loaded Apache Tomcat Native library [1.3.1] using APR version [1.7.4].
01-Aug-2025 14:19:11.044 INFO [main] org.apache.catalina.core.AprLifecycleListener.lifecycleEvent APR capabilities: IPv6 [true], sendfile [true], accept filters [false], random [true], UDS [true].
01-Aug-2025 14:19:11.044 INFO [main] org.apache.catalina.core.AprLifecycleListener.lifecycleEvent APR/OpenSSL configuration: useAprConnector [false], useOpenSSL [true]
01-Aug-2025 14:19:11.059 INFO [main] org.apache.catalina.core.AprLifecycleListener.initializeSSL OpenSSL successfully initialized [OpenSSL 3.0.14 4 Jun 2024]
01-Aug-2025 14:19:11.762 INFO [main] org.apache.coyote.AbstractProtocol.init Initializing ProtocolHandler ["http-nio-8080"]
01-Aug-2025 14:19:11.794 INFO [main] org.apache.catalina.startup.Catalina.load Server initialization in [1225] milliseconds
01-Aug-2025 14:19:11.880 INFO [main] org.apache.catalina.core.StandardService.startInternal Starting service [Catalina]
01-Aug-2025 14:19:11.881 INFO [main] org.apache.catalina.core.StandardEngine.startInternal Starting Servlet engine: [Apache Tomcat/9.0.104]
01-Aug-2025 14:19:11.902 INFO [main] org.apache.catalina.startup.HostConfig.deployDescriptor Deploying deployment descriptor [C:\LocalConnect\conf\Catalina\localhost\connect.xml]
01-Aug-2025 14:19:13.135 INFO [main] org.apache.jasper.servlet.TldScanner.scanJars At least one JAR was scanned for TLDs yet contained no TLDs. Enable debug logging for this logger for a complete list of JARs that were scanned but no TLDs were found in them. Skipping unneeded JARs during scanning can improve startup time and JSP compilation time.
01-Aug-2025 14:19:13.246 INFO [main] org.apache.catalina.startup.HostConfig.deployDescriptor Deployment of deployment descriptor [C:\LocalConnect\conf\Catalina\localhost\connect.xml] has finished in [1,345] ms
01-Aug-2025 14:19:13.257 INFO [main] org.apache.coyote.AbstractProtocol.start Starting ProtocolHandler ["http-nio-8080"]
01-Aug-2025 14:19:13.301 INFO [main] org.apache.catalina.startup.Catalina.start Server startup in [1504] milliseconds
01-Aug-2025 14:22:54.757 INFO [Thread-1] org.apache.coyote.AbstractProtocol.pause Pausing ProtocolHandler ["http-nio-8080"]
01-Aug-2025 14:22:54.766 INFO [Thread-1] org.apache.catalina.core.StandardService.stopInternal Stopping service [Catalina]
01-Aug-2025 14:22:54.782 WARNING [Thread-1] org.apache.catalina.loader.WebappClassLoaderBase.clearReferencesJdbc The web application [connect] registered the JDBC driver [com.mysql.cj.jdbc.Driver] but failed to unregister it when the web application was stopped. To prevent a memory leak, the JDBC Driver has been forcibly unregistered.
01-Aug-2025 14:22:54.783 WARNING [Thread-1] org.apache.catalina.loader.WebappClassLoaderBase.clearReferencesThreads The web application [connect] appears to have started a thread named [mysql-cj-abandoned-connection-cleanup] but has failed to stop it. This is very likely to create a memory leak. Stack trace of thread:
 java.base/jdk.internal.misc.Unsafe.park(Native Method)
 java.base/java.util.concurrent.locks.LockSupport.parkNanos(LockSupport.java:269)
 java.base/java.util.concurrent.locks.AbstractQueuedSynchronizer$ConditionObject.await(AbstractQueuedSynchronizer.java:1852)
 java.base/java.lang.ref.ReferenceQueue.await(ReferenceQueue.java:79)
 java.base/java.lang.ref.ReferenceQueue.remove0(ReferenceQueue.java:151)
 java.base/java.lang.ref.ReferenceQueue.remove(ReferenceQueue.java:229)
 com.mysql.cj.jdbc.AbandonedConnectionCleanupThread.run(AbandonedConnectionCleanupThread.java:91)
 java.base/java.util.concurrent.ThreadPoolExecutor.runWorker(ThreadPoolExecutor.java:1144)
 java.base/java.util.concurrent.ThreadPoolExecutor$Worker.run(ThreadPoolExecutor.java:642)
 java.base/java.lang.Thread.run(Thread.java:1575)
01-Aug-2025 14:22:54.790 INFO [Thread-1] org.apache.coyote.AbstractProtocol.stop Stopping ProtocolHandler ["http-nio-8080"]
01-Aug-2025 14:22:54.810 INFO [Thread-1] org.apache.coyote.AbstractProtocol.destroy Destroying ProtocolHandler ["http-nio-8080"]
01-Aug-2025 14:22:59.252 INFO [main] org.apache.catalina.startup.VersionLoggerListener.log Server version name:   Apache Tomcat/9.0.104
01-Aug-2025 14:22:59.261 INFO [main] org.apache.catalina.startup.VersionLoggerListener.log Server built:          Apr 4 2025 12:32:55 UTC
01-Aug-2025 14:22:59.261 INFO [main] org.apache.catalina.startup.VersionLoggerListener.log Server version number: 9.0.104.0
01-Aug-2025 14:22:59.262 INFO [main] org.apache.catalina.startup.VersionLoggerListener.log OS Name:               Windows 11
01-Aug-2025 14:22:59.262 INFO [main] org.apache.catalina.startup.VersionLoggerListener.log OS Version:            10.0
01-Aug-2025 14:22:59.262 INFO [main] org.apache.catalina.startup.VersionLoggerListener.log Architecture:          amd64
01-Aug-2025 14:22:59.263 INFO [main] org.apache.catalina.startup.VersionLoggerListener.log Java Home:             C:\Users\rashm\.jdks\openjdk-23.0.2
01-Aug-2025 14:22:59.263 INFO [main] org.apache.catalina.startup.VersionLoggerListener.log JVM Version:           23.0.2+7-58
01-Aug-2025 14:22:59.264 INFO [main] org.apache.catalina.startup.VersionLoggerListener.log JVM Vendor:            Oracle Corporation
01-Aug-2025 14:22:59.264 INFO [main] org.apache.catalina.startup.VersionLoggerListener.log CATALINA_BASE:         C:\LocalConnect
01-Aug-2025 14:22:59.264 INFO [main] org.apache.catalina.startup.VersionLoggerListener.log CATALINA_HOME:         C:\apache-tomcat-9.0.104
01-Aug-2025 14:22:59.280 INFO [main] org.apache.catalina.startup.VersionLoggerListener.log Command line argument: --add-opens=java.base/java.lang=ALL-UNNAMED
01-Aug-2025 14:22:59.281 INFO [main] org.apache.catalina.startup.VersionLoggerListener.log Command line argument: --add-opens=java.base/java.io=ALL-UNNAMED
01-Aug-2025 14:22:59.281 INFO [main] org.apache.catalina.startup.VersionLoggerListener.log Command line argument: --add-opens=java.base/java.util=ALL-UNNAMED
01-Aug-2025 14:22:59.281 INFO [main] org.apache.catalina.startup.VersionLoggerListener.log Command line argument: --add-opens=java.base/java.util.concurrent=ALL-UNNAMED
01-Aug-2025 14:22:59.281 INFO [main] org.apache.catalina.startup.VersionLoggerListener.log Command line argument: --add-opens=java.rmi/sun.rmi.transport=ALL-UNNAMED
01-Aug-2025 14:22:59.281 INFO [main] org.apache.catalina.startup.VersionLoggerListener.log Command line argument: -Dcatalina.home=C:\apache-tomcat-9.0.104
01-Aug-2025 14:22:59.282 INFO [main] org.apache.catalina.startup.VersionLoggerListener.log Command line argument: -Dcatalina.base=C:\LocalConnect
01-Aug-2025 14:22:59.282 INFO [main] org.apache.catalina.startup.VersionLoggerListener.log Command line argument: -Djava.io.tmpdir=C:\LocalConnect\temp
01-Aug-2025 14:22:59.282 INFO [main] org.apache.catalina.startup.VersionLoggerListener.log Command line argument: -Djava.util.logging.config.file=C:\LocalConnect\conf\logging.properties
01-Aug-2025 14:22:59.282 INFO [main] org.apache.catalina.startup.VersionLoggerListener.log Command line argument: -Djava.util.logging.manager=org.apache.juli.ClassLoaderLogManager
01-Aug-2025 14:22:59.282 INFO [main] org.apache.catalina.startup.VersionLoggerListener.log Command line argument: -javaagent:C:\Users\rashm\ideaIC-2024.1.4.win\lib\idea_rt.jar=60603:C:\Users\rashm\ideaIC-2024.1.4.win\bin
01-Aug-2025 14:22:59.283 INFO [main] org.apache.catalina.startup.VersionLoggerListener.log Command line argument: -Dfile.encoding=UTF-8
01-Aug-2025 14:22:59.283 INFO [main] org.apache.catalina.startup.VersionLoggerListener.log Command line argument: -Dsun.stdout.encoding=UTF-8
01-Aug-2025 14:22:59.283 INFO [main] org.apache.catalina.startup.VersionLoggerListener.log Command line argument: -Dsun.stderr.encoding=UTF-8
01-Aug-2025 14:22:59.289 INFO [main] org.apache.catalina.core.AprLifecycleListener.lifecycleEvent Loaded Apache Tomcat Native library [1.3.1] using APR version [1.7.4].
01-Aug-2025 14:22:59.290 INFO [main] org.apache.catalina.core.AprLifecycleListener.lifecycleEvent APR capabilities: IPv6 [true], sendfile [true], accept filters [false], random [true], UDS [true].
01-Aug-2025 14:22:59.290 INFO [main] org.apache.catalina.core.AprLifecycleListener.lifecycleEvent APR/OpenSSL configuration: useAprConnector [false], useOpenSSL [true]
01-Aug-2025 14:22:59.304 INFO [main] org.apache.catalina.core.AprLifecycleListener.initializeSSL OpenSSL successfully initialized [OpenSSL 3.0.14 4 Jun 2024]
01-Aug-2025 14:23:00.097 INFO [main] org.apache.coyote.AbstractProtocol.init Initializing ProtocolHandler ["http-nio-8080"]
01-Aug-2025 14:23:00.130 INFO [main] org.apache.catalina.startup.Catalina.load Server initialization in [1444] milliseconds
01-Aug-2025 14:23:00.293 INFO [main] org.apache.catalina.core.StandardService.startInternal Starting service [Catalina]
01-Aug-2025 14:23:00.293 INFO [main] org.apache.catalina.core.StandardEngine.startInternal Starting Servlet engine: [Apache Tomcat/9.0.104]
01-Aug-2025 14:23:00.335 INFO [main] org.apache.catalina.startup.HostConfig.deployDescriptor Deploying deployment descriptor [C:\LocalConnect\conf\Catalina\localhost\connect.xml]
01-Aug-2025 14:23:01.421 INFO [main] org.apache.jasper.servlet.TldScanner.scanJars At least one JAR was scanned for TLDs yet contained no TLDs. Enable debug logging for this logger for a complete list of JARs that were scanned but no TLDs were found in them. Skipping unneeded JARs during scanning can improve startup time and JSP compilation time.
01-Aug-2025 14:23:01.523 INFO [main] org.apache.catalina.startup.HostConfig.deployDescriptor Deployment of deployment descriptor [C:\LocalConnect\conf\Catalina\localhost\connect.xml] has finished in [1,186] ms
01-Aug-2025 14:23:01.533 INFO [main] org.apache.coyote.AbstractProtocol.start Starting ProtocolHandler ["http-nio-8080"]
01-Aug-2025 14:23:01.578 INFO [main] org.apache.catalina.startup.Catalina.start Server startup in [1446] milliseconds
01-Aug-2025 14:40:05.337 INFO [Thread-1] org.apache.coyote.AbstractProtocol.pause Pausing ProtocolHandler ["http-nio-8080"]
01-Aug-2025 14:40:05.346 INFO [Thread-1] org.apache.catalina.core.StandardService.stopInternal Stopping service [Catalina]
01-Aug-2025 14:40:05.367 WARNING [Thread-1] org.apache.catalina.loader.WebappClassLoaderBase.clearReferencesJdbc The web application [connect] registered the JDBC driver [com.mysql.cj.jdbc.Driver] but failed to unregister it when the web application was stopped. To prevent a memory leak, the JDBC Driver has been forcibly unregistered.
01-Aug-2025 14:40:05.369 WARNING [Thread-1] org.apache.catalina.loader.WebappClassLoaderBase.clearReferencesThreads The web application [connect] appears to have started a thread named [mysql-cj-abandoned-connection-cleanup] but has failed to stop it. This is very likely to create a memory leak. Stack trace of thread:
 java.base/jdk.internal.misc.Unsafe.park(Native Method)
 java.base/java.util.concurrent.locks.LockSupport.parkNanos(LockSupport.java:269)
 java.base/java.util.concurrent.locks.AbstractQueuedSynchronizer$ConditionObject.await(AbstractQueuedSynchronizer.java:1852)
 java.base/java.lang.ref.ReferenceQueue.await(ReferenceQueue.java:79)
 java.base/java.lang.ref.ReferenceQueue.remove0(ReferenceQueue.java:151)
 java.base/java.lang.ref.ReferenceQueue.remove(ReferenceQueue.java:229)
 com.mysql.cj.jdbc.AbandonedConnectionCleanupThread.run(AbandonedConnectionCleanupThread.java:91)
 java.base/java.util.concurrent.ThreadPoolExecutor.runWorker(ThreadPoolExecutor.java:1144)
 java.base/java.util.concurrent.ThreadPoolExecutor$Worker.run(ThreadPoolExecutor.java:642)
 java.base/java.lang.Thread.run(Thread.java:1575)
01-Aug-2025 14:40:05.390 INFO [Thread-1] org.apache.coyote.AbstractProtocol.stop Stopping ProtocolHandler ["http-nio-8080"]
01-Aug-2025 14:40:05.405 INFO [Thread-1] org.apache.coyote.AbstractProtocol.destroy Destroying ProtocolHandler ["http-nio-8080"]
01-Aug-2025 14:40:09.769 INFO [main] org.apache.catalina.startup.VersionLoggerListener.log Server version name:   Apache Tomcat/9.0.104
01-Aug-2025 14:40:09.777 INFO [main] org.apache.catalina.startup.VersionLoggerListener.log Server built:          Apr 4 2025 12:32:55 UTC
01-Aug-2025 14:40:09.777 INFO [main] org.apache.catalina.startup.VersionLoggerListener.log Server version number: 9.0.104.0
01-Aug-2025 14:40:09.778 INFO [main] org.apache.catalina.startup.VersionLoggerListener.log OS Name:               Windows 11
01-Aug-2025 14:40:09.778 INFO [main] org.apache.catalina.startup.VersionLoggerListener.log OS Version:            10.0
01-Aug-2025 14:40:09.778 INFO [main] org.apache.catalina.startup.VersionLoggerListener.log Architecture:          amd64
01-Aug-2025 14:40:09.778 INFO [main] org.apache.catalina.startup.VersionLoggerListener.log Java Home:             C:\Users\rashm\.jdks\openjdk-23.0.2
01-Aug-2025 14:40:09.779 INFO [main] org.apache.catalina.startup.VersionLoggerListener.log JVM Version:           23.0.2+7-58
01-Aug-2025 14:40:09.779 INFO [main] org.apache.catalina.startup.VersionLoggerListener.log JVM Vendor:            Oracle Corporation
01-Aug-2025 14:40:09.779 INFO [main] org.apache.catalina.startup.VersionLoggerListener.log CATALINA_BASE:         C:\LocalConnect
01-Aug-2025 14:40:09.780 INFO [main] org.apache.catalina.startup.VersionLoggerListener.log CATALINA_HOME:         C:\apache-tomcat-9.0.104
01-Aug-2025 14:40:09.793 INFO [main] org.apache.catalina.startup.VersionLoggerListener.log Command line argument: --add-opens=java.base/java.lang=ALL-UNNAMED
01-Aug-2025 14:40:09.794 INFO [main] org.apache.catalina.startup.VersionLoggerListener.log Command line argument: --add-opens=java.base/java.io=ALL-UNNAMED
01-Aug-2025 14:40:09.794 INFO [main] org.apache.catalina.startup.VersionLoggerListener.log Command line argument: --add-opens=java.base/java.util=ALL-UNNAMED
01-Aug-2025 14:40:09.794 INFO [main] org.apache.catalina.startup.VersionLoggerListener.log Command line argument: --add-opens=java.base/java.util.concurrent=ALL-UNNAMED
01-Aug-2025 14:40:09.794 INFO [main] org.apache.catalina.startup.VersionLoggerListener.log Command line argument: --add-opens=java.rmi/sun.rmi.transport=ALL-UNNAMED
01-Aug-2025 14:40:09.794 INFO [main] org.apache.catalina.startup.VersionLoggerListener.log Command line argument: -Dcatalina.home=C:\apache-tomcat-9.0.104
01-Aug-2025 14:40:09.794 INFO [main] org.apache.catalina.startup.VersionLoggerListener.log Command line argument: -Dcatalina.base=C:\LocalConnect
01-Aug-2025 14:40:09.795 INFO [main] org.apache.catalina.startup.VersionLoggerListener.log Command line argument: -Djava.io.tmpdir=C:\LocalConnect\temp
01-Aug-2025 14:40:09.795 INFO [main] org.apache.catalina.startup.VersionLoggerListener.log Command line argument: -Djava.util.logging.config.file=C:\LocalConnect\conf\logging.properties
01-Aug-2025 14:40:09.795 INFO [main] org.apache.catalina.startup.VersionLoggerListener.log Command line argument: -Djava.util.logging.manager=org.apache.juli.ClassLoaderLogManager
01-Aug-2025 14:40:09.795 INFO [main] org.apache.catalina.startup.VersionLoggerListener.log Command line argument: -javaagent:C:\Users\rashm\ideaIC-2024.1.4.win\lib\idea_rt.jar=60706:C:\Users\rashm\ideaIC-2024.1.4.win\bin
01-Aug-2025 14:40:09.796 INFO [main] org.apache.catalina.startup.VersionLoggerListener.log Command line argument: -Dfile.encoding=UTF-8
01-Aug-2025 14:40:09.796 INFO [main] org.apache.catalina.startup.VersionLoggerListener.log Command line argument: -Dsun.stdout.encoding=UTF-8
01-Aug-2025 14:40:09.796 INFO [main] org.apache.catalina.startup.VersionLoggerListener.log Command line argument: -Dsun.stderr.encoding=UTF-8
01-Aug-2025 14:40:09.804 INFO [main] org.apache.catalina.core.AprLifecycleListener.lifecycleEvent Loaded Apache Tomcat Native library [1.3.1] using APR version [1.7.4].
01-Aug-2025 14:40:09.804 INFO [main] org.apache.catalina.core.AprLifecycleListener.lifecycleEvent APR capabilities: IPv6 [true], sendfile [true], accept filters [false], random [true], UDS [true].
01-Aug-2025 14:40:09.804 INFO [main] org.apache.catalina.core.AprLifecycleListener.lifecycleEvent APR/OpenSSL configuration: useAprConnector [false], useOpenSSL [true]
01-Aug-2025 14:40:09.820 INFO [main] org.apache.catalina.core.AprLifecycleListener.initializeSSL OpenSSL successfully initialized [OpenSSL 3.0.14 4 Jun 2024]
01-Aug-2025 14:40:10.611 INFO [main] org.apache.coyote.AbstractProtocol.init Initializing ProtocolHandler ["http-nio-8080"]
01-Aug-2025 14:40:10.646 INFO [main] org.apache.catalina.startup.Catalina.load Server initialization in [1360] milliseconds
01-Aug-2025 14:40:10.755 INFO [main] org.apache.catalina.core.StandardService.startInternal Starting service [Catalina]
01-Aug-2025 14:40:10.755 INFO [main] org.apache.catalina.core.StandardEngine.startInternal Starting Servlet engine: [Apache Tomcat/9.0.104]
01-Aug-2025 14:40:10.775 INFO [main] org.apache.catalina.startup.HostConfig.deployDescriptor Deploying deployment descriptor [C:\LocalConnect\conf\Catalina\localhost\connect.xml]
01-Aug-2025 14:40:12.062 INFO [main] org.apache.jasper.servlet.TldScanner.scanJars At least one JAR was scanned for TLDs yet contained no TLDs. Enable debug logging for this logger for a complete list of JARs that were scanned but no TLDs were found in them. Skipping unneeded JARs during scanning can improve startup time and JSP compilation time.
01-Aug-2025 14:40:12.168 INFO [main] org.apache.catalina.startup.HostConfig.deployDescriptor Deployment of deployment descriptor [C:\LocalConnect\conf\Catalina\localhost\connect.xml] has finished in [1,392] ms
01-Aug-2025 14:40:12.177 INFO [main] org.apache.coyote.AbstractProtocol.start Starting ProtocolHandler ["http-nio-8080"]
01-Aug-2025 14:40:12.218 INFO [main] org.apache.catalina.startup.Catalina.start Server startup in [1568] milliseconds
01-Aug-2025 14:41:09.061 INFO [Thread-1] org.apache.coyote.AbstractProtocol.pause Pausing ProtocolHandler ["http-nio-8080"]
01-Aug-2025 14:41:09.069 INFO [Thread-1] org.apache.catalina.core.StandardService.stopInternal Stopping service [Catalina]
01-Aug-2025 14:41:09.085 WARNING [Thread-1] org.apache.catalina.loader.WebappClassLoaderBase.clearReferencesJdbc The web application [connect] registered the JDBC driver [com.mysql.cj.jdbc.Driver] but failed to unregister it when the web application was stopped. To prevent a memory leak, the JDBC Driver has been forcibly unregistered.
01-Aug-2025 14:41:09.086 WARNING [Thread-1] org.apache.catalina.loader.WebappClassLoaderBase.clearReferencesThreads The web application [connect] appears to have started a thread named [mysql-cj-abandoned-connection-cleanup] but has failed to stop it. This is very likely to create a memory leak. Stack trace of thread:
 java.base/jdk.internal.misc.Unsafe.park(Native Method)
 java.base/java.util.concurrent.locks.LockSupport.parkNanos(LockSupport.java:269)
 java.base/java.util.concurrent.locks.AbstractQueuedSynchronizer$ConditionObject.await(AbstractQueuedSynchronizer.java:1852)
 java.base/java.lang.ref.ReferenceQueue.await(ReferenceQueue.java:79)
 java.base/java.lang.ref.ReferenceQueue.remove0(ReferenceQueue.java:151)
 java.base/java.lang.ref.ReferenceQueue.remove(ReferenceQueue.java:229)
 com.mysql.cj.jdbc.AbandonedConnectionCleanupThread.run(AbandonedConnectionCleanupThread.java:91)
 java.base/java.util.concurrent.ThreadPoolExecutor.runWorker(ThreadPoolExecutor.java:1144)
 java.base/java.util.concurrent.ThreadPoolExecutor$Worker.run(ThreadPoolExecutor.java:642)
 java.base/java.lang.Thread.run(Thread.java:1575)
01-Aug-2025 14:41:09.096 INFO [Thread-1] org.apache.coyote.AbstractProtocol.stop Stopping ProtocolHandler ["http-nio-8080"]
01-Aug-2025 14:41:09.115 INFO [Thread-1] org.apache.coyote.AbstractProtocol.destroy Destroying ProtocolHandler ["http-nio-8080"]
01-Aug-2025 14:41:11.601 INFO [main] org.apache.catalina.startup.VersionLoggerListener.log Server version name:   Apache Tomcat/9.0.104
01-Aug-2025 14:41:11.607 INFO [main] org.apache.catalina.startup.VersionLoggerListener.log Server built:          Apr 4 2025 12:32:55 UTC
01-Aug-2025 14:41:11.608 INFO [main] org.apache.catalina.startup.VersionLoggerListener.log Server version number: 9.0.104.0
01-Aug-2025 14:41:11.608 INFO [main] org.apache.catalina.startup.VersionLoggerListener.log OS Name:               Windows 11
01-Aug-2025 14:41:11.608 INFO [main] org.apache.catalina.startup.VersionLoggerListener.log OS Version:            10.0
01-Aug-2025 14:41:11.608 INFO [main] org.apache.catalina.startup.VersionLoggerListener.log Architecture:          amd64
01-Aug-2025 14:41:11.609 INFO [main] org.apache.catalina.startup.VersionLoggerListener.log Java Home:             C:\Users\rashm\.jdks\openjdk-23.0.2
01-Aug-2025 14:41:11.609 INFO [main] org.apache.catalina.startup.VersionLoggerListener.log JVM Version:           23.0.2+7-58
01-Aug-2025 14:41:11.609 INFO [main] org.apache.catalina.startup.VersionLoggerListener.log JVM Vendor:            Oracle Corporation
01-Aug-2025 14:41:11.610 INFO [main] org.apache.catalina.startup.VersionLoggerListener.log CATALINA_BASE:         C:\LocalConnect
01-Aug-2025 14:41:11.610 INFO [main] org.apache.catalina.startup.VersionLoggerListener.log CATALINA_HOME:         C:\apache-tomcat-9.0.104
01-Aug-2025 14:41:11.625 INFO [main] org.apache.catalina.startup.VersionLoggerListener.log Command line argument: --add-opens=java.base/java.lang=ALL-UNNAMED
01-Aug-2025 14:41:11.626 INFO [main] org.apache.catalina.startup.VersionLoggerListener.log Command line argument: --add-opens=java.base/java.io=ALL-UNNAMED
01-Aug-2025 14:41:11.626 INFO [main] org.apache.catalina.startup.VersionLoggerListener.log Command line argument: --add-opens=java.base/java.util=ALL-UNNAMED
01-Aug-2025 14:41:11.626 INFO [main] org.apache.catalina.startup.VersionLoggerListener.log Command line argument: --add-opens=java.base/java.util.concurrent=ALL-UNNAMED
01-Aug-2025 14:41:11.626 INFO [main] org.apache.catalina.startup.VersionLoggerListener.log Command line argument: --add-opens=java.rmi/sun.rmi.transport=ALL-UNNAMED
01-Aug-2025 14:41:11.626 INFO [main] org.apache.catalina.startup.VersionLoggerListener.log Command line argument: -Dcatalina.home=C:\apache-tomcat-9.0.104
01-Aug-2025 14:41:11.626 INFO [main] org.apache.catalina.startup.VersionLoggerListener.log Command line argument: -Dcatalina.base=C:\LocalConnect
01-Aug-2025 14:41:11.626 INFO [main] org.apache.catalina.startup.VersionLoggerListener.log Command line argument: -Djava.io.tmpdir=C:\LocalConnect\temp
01-Aug-2025 14:41:11.627 INFO [main] org.apache.catalina.startup.VersionLoggerListener.log Command line argument: -Djava.util.logging.config.file=C:\LocalConnect\conf\logging.properties
01-Aug-2025 14:41:11.627 INFO [main] org.apache.catalina.startup.VersionLoggerListener.log Command line argument: -Djava.util.logging.manager=org.apache.juli.ClassLoaderLogManager
01-Aug-2025 14:41:11.627 INFO [main] org.apache.catalina.startup.VersionLoggerListener.log Command line argument: -javaagent:C:\Users\rashm\ideaIC-2024.1.4.win\lib\idea_rt.jar=60721:C:\Users\rashm\ideaIC-2024.1.4.win\bin
01-Aug-2025 14:41:11.627 INFO [main] org.apache.catalina.startup.VersionLoggerListener.log Command line argument: -Dfile.encoding=UTF-8
01-Aug-2025 14:41:11.628 INFO [main] org.apache.catalina.startup.VersionLoggerListener.log Command line argument: -Dsun.stdout.encoding=UTF-8
01-Aug-2025 14:41:11.628 INFO [main] org.apache.catalina.startup.VersionLoggerListener.log Command line argument: -Dsun.stderr.encoding=UTF-8
01-Aug-2025 14:41:11.635 INFO [main] org.apache.catalina.core.AprLifecycleListener.lifecycleEvent Loaded Apache Tomcat Native library [1.3.1] using APR version [1.7.4].
01-Aug-2025 14:41:11.635 INFO [main] org.apache.catalina.core.AprLifecycleListener.lifecycleEvent APR capabilities: IPv6 [true], sendfile [true], accept filters [false], random [true], UDS [true].
01-Aug-2025 14:41:11.635 INFO [main] org.apache.catalina.core.AprLifecycleListener.lifecycleEvent APR/OpenSSL configuration: useAprConnector [false], useOpenSSL [true]
01-Aug-2025 14:41:11.649 INFO [main] org.apache.catalina.core.AprLifecycleListener.initializeSSL OpenSSL successfully initialized [OpenSSL 3.0.14 4 Jun 2024]
01-Aug-2025 14:41:12.317 INFO [main] org.apache.coyote.AbstractProtocol.init Initializing ProtocolHandler ["http-nio-8080"]
01-Aug-2025 14:41:12.345 INFO [main] org.apache.catalina.startup.Catalina.load Server initialization in [1151] milliseconds
01-Aug-2025 14:41:12.433 INFO [main] org.apache.catalina.core.StandardService.startInternal Starting service [Catalina]
01-Aug-2025 14:41:12.434 INFO [main] org.apache.catalina.core.StandardEngine.startInternal Starting Servlet engine: [Apache Tomcat/9.0.104]
01-Aug-2025 14:41:12.453 INFO [main] org.apache.catalina.startup.HostConfig.deployDescriptor Deploying deployment descriptor [C:\LocalConnect\conf\Catalina\localhost\connect.xml]
01-Aug-2025 14:41:13.609 INFO [main] org.apache.jasper.servlet.TldScanner.scanJars At least one JAR was scanned for TLDs yet contained no TLDs. Enable debug logging for this logger for a complete list of JARs that were scanned but no TLDs were found in them. Skipping unneeded JARs during scanning can improve startup time and JSP compilation time.
01-Aug-2025 14:41:13.715 INFO [main] org.apache.catalina.startup.HostConfig.deployDescriptor Deployment of deployment descriptor [C:\LocalConnect\conf\Catalina\localhost\connect.xml] has finished in [1,261] ms
01-Aug-2025 14:41:13.725 INFO [main] org.apache.coyote.AbstractProtocol.start Starting ProtocolHandler ["http-nio-8080"]
01-Aug-2025 14:41:13.767 INFO [main] org.apache.catalina.startup.Catalina.start Server startup in [1419] milliseconds
01-Aug-2025 17:44:30.400 INFO [Thread-1] org.apache.coyote.AbstractProtocol.pause Pausing ProtocolHandler ["http-nio-8080"]
01-Aug-2025 17:44:30.422 INFO [Thread-1] org.apache.catalina.core.StandardService.stopInternal Stopping service [Catalina]
01-Aug-2025 17:44:30.492 WARNING [Thread-1] org.apache.catalina.loader.WebappClassLoaderBase.clearReferencesJdbc The web application [connect] registered the JDBC driver [com.mysql.cj.jdbc.Driver] but failed to unregister it when the web application was stopped. To prevent a memory leak, the JDBC Driver has been forcibly unregistered.
01-Aug-2025 17:44:30.496 WARNING [Thread-1] org.apache.catalina.loader.WebappClassLoaderBase.clearReferencesThreads The web application [connect] appears to have started a thread named [mysql-cj-abandoned-connection-cleanup] but has failed to stop it. This is very likely to create a memory leak. Stack trace of thread:
 java.base/jdk.internal.misc.Unsafe.park(Native Method)
 java.base/java.util.concurrent.locks.LockSupport.parkNanos(LockSupport.java:269)
 java.base/java.util.concurrent.locks.AbstractQueuedSynchronizer$ConditionObject.await(AbstractQueuedSynchronizer.java:1852)
 java.base/java.lang.ref.ReferenceQueue.await(ReferenceQueue.java:79)
 java.base/java.lang.ref.ReferenceQueue.remove0(ReferenceQueue.java:151)
 java.base/java.lang.ref.ReferenceQueue.remove(ReferenceQueue.java:229)
 com.mysql.cj.jdbc.AbandonedConnectionCleanupThread.run(AbandonedConnectionCleanupThread.java:91)
 java.base/java.util.concurrent.ThreadPoolExecutor.runWorker(ThreadPoolExecutor.java:1144)
 java.base/java.util.concurrent.ThreadPoolExecutor$Worker.run(ThreadPoolExecutor.java:642)
 java.base/java.lang.Thread.run(Thread.java:1575)
01-Aug-2025 17:44:30.568 INFO [Thread-1] org.apache.coyote.AbstractProtocol.stop Stopping ProtocolHandler ["http-nio-8080"]
01-Aug-2025 17:44:30.584 INFO [Thread-1] org.apache.coyote.AbstractProtocol.destroy Destroying ProtocolHandler ["http-nio-8080"]
01-Aug-2025 17:44:30.743 INFO [mysql-cj-abandoned-connection-cleanup] org.apache.catalina.loader.WebappClassLoaderBase.checkStateForResourceLoading Illegal access: this web application instance has been stopped already. Could not load []. The following stack trace is thrown for debugging purposes as well as to attempt to terminate the thread which caused the illegal access.
	java.lang.IllegalStateException: Illegal access: this web application instance has been stopped already. Could not load []. The following stack trace is thrown for debugging purposes as well as to attempt to terminate the thread which caused the illegal access.
		at org.apache.catalina.loader.WebappClassLoaderBase.checkStateForResourceLoading(WebappClassLoaderBase.java:1374)
		at org.apache.catalina.loader.WebappClassLoaderBase.getResource(WebappClassLoaderBase.java:997)
		at com.mysql.cj.jdbc.AbandonedConnectionCleanupThread.checkThreadContextClassLoader(AbandonedConnectionCleanupThread.java:123)
		at com.mysql.cj.jdbc.AbandonedConnectionCleanupThread.run(AbandonedConnectionCleanupThread.java:90)
		at java.base/java.util.concurrent.ThreadPoolExecutor.runWorker(ThreadPoolExecutor.java:1144)
		at java.base/java.util.concurrent.ThreadPoolExecutor$Worker.run(ThreadPoolExecutor.java:642)
		at java.base/java.lang.Thread.run(Thread.java:1575)
01-Aug-2025 17:44:30.747 INFO [mysql-cj-abandoned-connection-cleanup] org.apache.catalina.loader.WebappClassLoaderBase.checkStateForResourceLoading Illegal access: this web application instance has been stopped already. Could not load []. The following stack trace is thrown for debugging purposes as well as to attempt to terminate the thread which caused the illegal access.
	java.lang.IllegalStateException: Illegal access: this web application instance has been stopped already. Could not load []. The following stack trace is thrown for debugging purposes as well as to attempt to terminate the thread which caused the illegal access.
		at org.apache.catalina.loader.WebappClassLoaderBase.checkStateForResourceLoading(WebappClassLoaderBase.java:1374)
		at org.apache.catalina.loader.WebappClassLoaderBase.getResource(WebappClassLoaderBase.java:997)
		at com.mysql.cj.jdbc.AbandonedConnectionCleanupThread.checkThreadContextClassLoader(AbandonedConnectionCleanupThread.java:123)
		at com.mysql.cj.jdbc.AbandonedConnectionCleanupThread.run(AbandonedConnectionCleanupThread.java:90)
		at java.base/java.util.concurrent.ThreadPoolExecutor.runWorker(ThreadPoolExecutor.java:1144)
		at java.base/java.util.concurrent.ThreadPoolExecutor$Worker.run(ThreadPoolExecutor.java:642)
		at java.base/java.lang.Thread.run(Thread.java:1575)
01-Aug-2025 17:52:45.868 INFO [main] org.apache.catalina.startup.VersionLoggerListener.log Server version name:   Apache Tomcat/9.0.104
01-Aug-2025 17:52:45.876 INFO [main] org.apache.catalina.startup.VersionLoggerListener.log Server built:          Apr 4 2025 12:32:55 UTC
01-Aug-2025 17:52:45.877 INFO [main] org.apache.catalina.startup.VersionLoggerListener.log Server version number: 9.0.104.0
01-Aug-2025 17:52:45.877 INFO [main] org.apache.catalina.startup.VersionLoggerListener.log OS Name:               Windows 11
01-Aug-2025 17:52:45.878 INFO [main] org.apache.catalina.startup.VersionLoggerListener.log OS Version:            10.0
01-Aug-2025 17:52:45.878 INFO [main] org.apache.catalina.startup.VersionLoggerListener.log Architecture:          amd64
01-Aug-2025 17:52:45.878 INFO [main] org.apache.catalina.startup.VersionLoggerListener.log Java Home:             C:\Users\rashm\.jdks\openjdk-23.0.2
01-Aug-2025 17:52:45.878 INFO [main] org.apache.catalina.startup.VersionLoggerListener.log JVM Version:           23.0.2+7-58
01-Aug-2025 17:52:45.878 INFO [main] org.apache.catalina.startup.VersionLoggerListener.log JVM Vendor:            Oracle Corporation
01-Aug-2025 17:52:45.879 INFO [main] org.apache.catalina.startup.VersionLoggerListener.log CATALINA_BASE:         C:\LocalConnect
01-Aug-2025 17:52:45.879 INFO [main] org.apache.catalina.startup.VersionLoggerListener.log CATALINA_HOME:         C:\apache-tomcat-9.0.104
01-Aug-2025 17:52:45.900 INFO [main] org.apache.catalina.startup.VersionLoggerListener.log Command line argument: --add-opens=java.base/java.lang=ALL-UNNAMED
01-Aug-2025 17:52:45.900 INFO [main] org.apache.catalina.startup.VersionLoggerListener.log Command line argument: --add-opens=java.base/java.io=ALL-UNNAMED
01-Aug-2025 17:52:45.900 INFO [main] org.apache.catalina.startup.VersionLoggerListener.log Command line argument: --add-opens=java.base/java.util=ALL-UNNAMED
01-Aug-2025 17:52:45.901 INFO [main] org.apache.catalina.startup.VersionLoggerListener.log Command line argument: --add-opens=java.base/java.util.concurrent=ALL-UNNAMED
01-Aug-2025 17:52:45.901 INFO [main] org.apache.catalina.startup.VersionLoggerListener.log Command line argument: --add-opens=java.rmi/sun.rmi.transport=ALL-UNNAMED
01-Aug-2025 17:52:45.901 INFO [main] org.apache.catalina.startup.VersionLoggerListener.log Command line argument: -Dcatalina.home=C:\apache-tomcat-9.0.104
01-Aug-2025 17:52:45.901 INFO [main] org.apache.catalina.startup.VersionLoggerListener.log Command line argument: -Dcatalina.base=C:\LocalConnect
01-Aug-2025 17:52:45.901 INFO [main] org.apache.catalina.startup.VersionLoggerListener.log Command line argument: -Djava.io.tmpdir=C:\LocalConnect\temp
01-Aug-2025 17:52:45.902 INFO [main] org.apache.catalina.startup.VersionLoggerListener.log Command line argument: -Djava.util.logging.config.file=C:\LocalConnect\conf\logging.properties
01-Aug-2025 17:52:45.902 INFO [main] org.apache.catalina.startup.VersionLoggerListener.log Command line argument: -Djava.util.logging.manager=org.apache.juli.ClassLoaderLogManager
01-Aug-2025 17:52:45.902 INFO [main] org.apache.catalina.startup.VersionLoggerListener.log Command line argument: -javaagent:C:\Users\rashm\ideaIC-2024.1.4.win\lib\idea_rt.jar=49253:C:\Users\rashm\ideaIC-2024.1.4.win\bin
01-Aug-2025 17:52:45.902 INFO [main] org.apache.catalina.startup.VersionLoggerListener.log Command line argument: -Dfile.encoding=UTF-8
01-Aug-2025 17:52:45.902 INFO [main] org.apache.catalina.startup.VersionLoggerListener.log Command line argument: -Dsun.stdout.encoding=UTF-8
01-Aug-2025 17:52:45.902 INFO [main] org.apache.catalina.startup.VersionLoggerListener.log Command line argument: -Dsun.stderr.encoding=UTF-8
01-Aug-2025 17:52:45.913 INFO [main] org.apache.catalina.core.AprLifecycleListener.lifecycleEvent Loaded Apache Tomcat Native library [1.3.1] using APR version [1.7.4].
01-Aug-2025 17:52:45.914 INFO [main] org.apache.catalina.core.AprLifecycleListener.lifecycleEvent APR capabilities: IPv6 [true], sendfile [true], accept filters [false], random [true], UDS [true].
01-Aug-2025 17:52:45.914 INFO [main] org.apache.catalina.core.AprLifecycleListener.lifecycleEvent APR/OpenSSL configuration: useAprConnector [false], useOpenSSL [true]
01-Aug-2025 17:52:45.945 INFO [main] org.apache.catalina.core.AprLifecycleListener.initializeSSL OpenSSL successfully initialized [OpenSSL 3.0.14 4 Jun 2024]
01-Aug-2025 17:52:46.660 INFO [main] org.apache.coyote.AbstractProtocol.init Initializing ProtocolHandler ["http-nio-8080"]
01-Aug-2025 17:52:46.692 INFO [main] org.apache.catalina.startup.Catalina.load Server initialization in [1318] milliseconds
01-Aug-2025 17:52:46.794 INFO [main] org.apache.catalina.core.StandardService.startInternal Starting service [Catalina]
01-Aug-2025 17:52:46.796 INFO [main] org.apache.catalina.core.StandardEngine.startInternal Starting Servlet engine: [Apache Tomcat/9.0.104]
01-Aug-2025 17:52:46.815 INFO [main] org.apache.catalina.startup.HostConfig.deployDescriptor Deploying deployment descriptor [C:\LocalConnect\conf\Catalina\localhost\connect.xml]
01-Aug-2025 17:52:47.955 INFO [main] org.apache.jasper.servlet.TldScanner.scanJars At least one JAR was scanned for TLDs yet contained no TLDs. Enable debug logging for this logger for a complete list of JARs that were scanned but no TLDs were found in them. Skipping unneeded JARs during scanning can improve startup time and JSP compilation time.
01-Aug-2025 17:52:48.044 INFO [main] org.apache.catalina.startup.HostConfig.deployDescriptor Deployment of deployment descriptor [C:\LocalConnect\conf\Catalina\localhost\connect.xml] has finished in [1,229] ms
01-Aug-2025 17:52:48.053 INFO [main] org.apache.coyote.AbstractProtocol.start Starting ProtocolHandler ["http-nio-8080"]
01-Aug-2025 17:52:48.096 INFO [main] org.apache.catalina.startup.Catalina.start Server startup in [1400] milliseconds
01-Aug-2025 18:08:14.356 INFO [Thread-1] org.apache.coyote.AbstractProtocol.pause Pausing ProtocolHandler ["http-nio-8080"]
01-Aug-2025 18:08:14.365 INFO [Thread-1] org.apache.catalina.core.StandardService.stopInternal Stopping service [Catalina]
01-Aug-2025 18:08:14.397 WARNING [Thread-1] org.apache.catalina.loader.WebappClassLoaderBase.clearReferencesJdbc The web application [connect] registered the JDBC driver [com.mysql.cj.jdbc.Driver] but failed to unregister it when the web application was stopped. To prevent a memory leak, the JDBC Driver has been forcibly unregistered.
01-Aug-2025 18:08:14.398 WARNING [Thread-1] org.apache.catalina.loader.WebappClassLoaderBase.clearReferencesThreads The web application [connect] appears to have started a thread named [mysql-cj-abandoned-connection-cleanup] but has failed to stop it. This is very likely to create a memory leak. Stack trace of thread:
 java.base/jdk.internal.misc.Unsafe.park(Native Method)
 java.base/java.util.concurrent.locks.LockSupport.parkNanos(LockSupport.java:269)
 java.base/java.util.concurrent.locks.AbstractQueuedSynchronizer$ConditionObject.await(AbstractQueuedSynchronizer.java:1852)
 java.base/java.lang.ref.ReferenceQueue.await(ReferenceQueue.java:79)
 java.base/java.lang.ref.ReferenceQueue.remove0(ReferenceQueue.java:151)
 java.base/java.lang.ref.ReferenceQueue.remove(ReferenceQueue.java:229)
 com.mysql.cj.jdbc.AbandonedConnectionCleanupThread.run(AbandonedConnectionCleanupThread.java:91)
 java.base/java.util.concurrent.ThreadPoolExecutor.runWorker(ThreadPoolExecutor.java:1144)
 java.base/java.util.concurrent.ThreadPoolExecutor$Worker.run(ThreadPoolExecutor.java:642)
 java.base/java.lang.Thread.run(Thread.java:1575)
01-Aug-2025 18:08:14.413 INFO [Thread-1] org.apache.coyote.AbstractProtocol.stop Stopping ProtocolHandler ["http-nio-8080"]
01-Aug-2025 18:08:14.422 INFO [Thread-1] org.apache.coyote.AbstractProtocol.destroy Destroying ProtocolHandler ["http-nio-8080"]
01-Aug-2025 18:08:19.815 INFO [main] org.apache.catalina.startup.VersionLoggerListener.log Server version name:   Apache Tomcat/9.0.104
01-Aug-2025 18:08:19.823 INFO [main] org.apache.catalina.startup.VersionLoggerListener.log Server built:          Apr 4 2025 12:32:55 UTC
01-Aug-2025 18:08:19.823 INFO [main] org.apache.catalina.startup.VersionLoggerListener.log Server version number: 9.0.104.0
01-Aug-2025 18:08:19.823 INFO [main] org.apache.catalina.startup.VersionLoggerListener.log OS Name:               Windows 11
01-Aug-2025 18:08:19.823 INFO [main] org.apache.catalina.startup.VersionLoggerListener.log OS Version:            10.0
01-Aug-2025 18:08:19.823 INFO [main] org.apache.catalina.startup.VersionLoggerListener.log Architecture:          amd64
01-Aug-2025 18:08:19.824 INFO [main] org.apache.catalina.startup.VersionLoggerListener.log Java Home:             C:\Users\rashm\.jdks\openjdk-23.0.2
01-Aug-2025 18:08:19.824 INFO [main] org.apache.catalina.startup.VersionLoggerListener.log JVM Version:           23.0.2+7-58
01-Aug-2025 18:08:19.824 INFO [main] org.apache.catalina.startup.VersionLoggerListener.log JVM Vendor:            Oracle Corporation
01-Aug-2025 18:08:19.824 INFO [main] org.apache.catalina.startup.VersionLoggerListener.log CATALINA_BASE:         C:\LocalConnect
01-Aug-2025 18:08:19.825 INFO [main] org.apache.catalina.startup.VersionLoggerListener.log CATALINA_HOME:         C:\apache-tomcat-9.0.104
01-Aug-2025 18:08:19.841 INFO [main] org.apache.catalina.startup.VersionLoggerListener.log Command line argument: --add-opens=java.base/java.lang=ALL-UNNAMED
01-Aug-2025 18:08:19.842 INFO [main] org.apache.catalina.startup.VersionLoggerListener.log Command line argument: --add-opens=java.base/java.io=ALL-UNNAMED
01-Aug-2025 18:08:19.842 INFO [main] org.apache.catalina.startup.VersionLoggerListener.log Command line argument: --add-opens=java.base/java.util=ALL-UNNAMED
01-Aug-2025 18:08:19.842 INFO [main] org.apache.catalina.startup.VersionLoggerListener.log Command line argument: --add-opens=java.base/java.util.concurrent=ALL-UNNAMED
01-Aug-2025 18:08:19.842 INFO [main] org.apache.catalina.startup.VersionLoggerListener.log Command line argument: --add-opens=java.rmi/sun.rmi.transport=ALL-UNNAMED
01-Aug-2025 18:08:19.843 INFO [main] org.apache.catalina.startup.VersionLoggerListener.log Command line argument: -Dcatalina.home=C:\apache-tomcat-9.0.104
01-Aug-2025 18:08:19.843 INFO [main] org.apache.catalina.startup.VersionLoggerListener.log Command line argument: -Dcatalina.base=C:\LocalConnect
01-Aug-2025 18:08:19.843 INFO [main] org.apache.catalina.startup.VersionLoggerListener.log Command line argument: -Djava.io.tmpdir=C:\LocalConnect\temp
01-Aug-2025 18:08:19.843 INFO [main] org.apache.catalina.startup.VersionLoggerListener.log Command line argument: -Djava.util.logging.config.file=C:\LocalConnect\conf\logging.properties
01-Aug-2025 18:08:19.843 INFO [main] org.apache.catalina.startup.VersionLoggerListener.log Command line argument: -Djava.util.logging.manager=org.apache.juli.ClassLoaderLogManager
01-Aug-2025 18:08:19.843 INFO [main] org.apache.catalina.startup.VersionLoggerListener.log Command line argument: -javaagent:C:\Users\rashm\ideaIC-2024.1.4.win\lib\idea_rt.jar=49366:C:\Users\rashm\ideaIC-2024.1.4.win\bin
01-Aug-2025 18:08:19.844 INFO [main] org.apache.catalina.startup.VersionLoggerListener.log Command line argument: -Dfile.encoding=UTF-8
01-Aug-2025 18:08:19.844 INFO [main] org.apache.catalina.startup.VersionLoggerListener.log Command line argument: -Dsun.stdout.encoding=UTF-8
01-Aug-2025 18:08:19.844 INFO [main] org.apache.catalina.startup.VersionLoggerListener.log Command line argument: -Dsun.stderr.encoding=UTF-8
01-Aug-2025 18:08:19.850 INFO [main] org.apache.catalina.core.AprLifecycleListener.lifecycleEvent Loaded Apache Tomcat Native library [1.3.1] using APR version [1.7.4].
01-Aug-2025 18:08:19.850 INFO [main] org.apache.catalina.core.AprLifecycleListener.lifecycleEvent APR capabilities: IPv6 [true], sendfile [true], accept filters [false], random [true], UDS [true].
01-Aug-2025 18:08:19.850 INFO [main] org.apache.catalina.core.AprLifecycleListener.lifecycleEvent APR/OpenSSL configuration: useAprConnector [false], useOpenSSL [true]
01-Aug-2025 18:08:19.864 INFO [main] org.apache.catalina.core.AprLifecycleListener.initializeSSL OpenSSL successfully initialized [OpenSSL 3.0.14 4 Jun 2024]
01-Aug-2025 18:08:20.551 INFO [main] org.apache.coyote.AbstractProtocol.init Initializing ProtocolHandler ["http-nio-8080"]
01-Aug-2025 18:08:20.585 INFO [main] org.apache.catalina.startup.Catalina.load Server initialization in [1291] milliseconds
01-Aug-2025 18:08:20.672 INFO [main] org.apache.catalina.core.StandardService.startInternal Starting service [Catalina]
01-Aug-2025 18:08:20.672 INFO [main] org.apache.catalina.core.StandardEngine.startInternal Starting Servlet engine: [Apache Tomcat/9.0.104]
01-Aug-2025 18:08:20.692 INFO [main] org.apache.catalina.startup.HostConfig.deployDescriptor Deploying deployment descriptor [C:\LocalConnect\conf\Catalina\localhost\connect.xml]
01-Aug-2025 18:08:21.851 INFO [main] org.apache.jasper.servlet.TldScanner.scanJars At least one JAR was scanned for TLDs yet contained no TLDs. Enable debug logging for this logger for a complete list of JARs that were scanned but no TLDs were found in them. Skipping unneeded JARs during scanning can improve startup time and JSP compilation time.
01-Aug-2025 18:08:21.942 INFO [main] org.apache.catalina.startup.HostConfig.deployDescriptor Deployment of deployment descriptor [C:\LocalConnect\conf\Catalina\localhost\connect.xml] has finished in [1,250] ms
01-Aug-2025 18:08:21.951 INFO [main] org.apache.coyote.AbstractProtocol.start Starting ProtocolHandler ["http-nio-8080"]
01-Aug-2025 18:08:21.987 INFO [main] org.apache.catalina.startup.Catalina.start Server startup in [1399] milliseconds
01-Aug-2025 18:11:06.465 INFO [Thread-1] org.apache.coyote.AbstractProtocol.pause Pausing ProtocolHandler ["http-nio-8080"]
01-Aug-2025 18:11:06.474 INFO [Thread-1] org.apache.catalina.core.StandardService.stopInternal Stopping service [Catalina]
01-Aug-2025 18:11:06.489 WARNING [Thread-1] org.apache.catalina.loader.WebappClassLoaderBase.clearReferencesJdbc The web application [connect] registered the JDBC driver [com.mysql.cj.jdbc.Driver] but failed to unregister it when the web application was stopped. To prevent a memory leak, the JDBC Driver has been forcibly unregistered.
01-Aug-2025 18:11:06.490 WARNING [Thread-1] org.apache.catalina.loader.WebappClassLoaderBase.clearReferencesThreads The web application [connect] appears to have started a thread named [mysql-cj-abandoned-connection-cleanup] but has failed to stop it. This is very likely to create a memory leak. Stack trace of thread:
 java.base/jdk.internal.misc.Unsafe.park(Native Method)
 java.base/java.util.concurrent.locks.LockSupport.parkNanos(LockSupport.java:269)
 java.base/java.util.concurrent.locks.AbstractQueuedSynchronizer$ConditionObject.await(AbstractQueuedSynchronizer.java:1852)
 java.base/java.lang.ref.ReferenceQueue.await(ReferenceQueue.java:79)
 java.base/java.lang.ref.ReferenceQueue.remove0(ReferenceQueue.java:151)
 java.base/java.lang.ref.ReferenceQueue.remove(ReferenceQueue.java:229)
 com.mysql.cj.jdbc.AbandonedConnectionCleanupThread.run(AbandonedConnectionCleanupThread.java:91)
 java.base/java.util.concurrent.ThreadPoolExecutor.runWorker(ThreadPoolExecutor.java:1144)
 java.base/java.util.concurrent.ThreadPoolExecutor$Worker.run(ThreadPoolExecutor.java:642)
 java.base/java.lang.Thread.run(Thread.java:1575)
01-Aug-2025 18:11:06.500 INFO [Thread-1] org.apache.coyote.AbstractProtocol.stop Stopping ProtocolHandler ["http-nio-8080"]
01-Aug-2025 18:11:06.513 INFO [Thread-1] org.apache.coyote.AbstractProtocol.destroy Destroying ProtocolHandler ["http-nio-8080"]
01-Aug-2025 18:11:10.336 INFO [main] org.apache.catalina.startup.VersionLoggerListener.log Server version name:   Apache Tomcat/9.0.104
01-Aug-2025 18:11:10.342 INFO [main] org.apache.catalina.startup.VersionLoggerListener.log Server built:          Apr 4 2025 12:32:55 UTC
01-Aug-2025 18:11:10.342 INFO [main] org.apache.catalina.startup.VersionLoggerListener.log Server version number: 9.0.104.0
01-Aug-2025 18:11:10.342 INFO [main] org.apache.catalina.startup.VersionLoggerListener.log OS Name:               Windows 11
01-Aug-2025 18:11:10.343 INFO [main] org.apache.catalina.startup.VersionLoggerListener.log OS Version:            10.0
01-Aug-2025 18:11:10.343 INFO [main] org.apache.catalina.startup.VersionLoggerListener.log Architecture:          amd64
01-Aug-2025 18:11:10.343 INFO [main] org.apache.catalina.startup.VersionLoggerListener.log Java Home:             C:\Users\rashm\.jdks\openjdk-23.0.2
01-Aug-2025 18:11:10.343 INFO [main] org.apache.catalina.startup.VersionLoggerListener.log JVM Version:           23.0.2+7-58
01-Aug-2025 18:11:10.343 INFO [main] org.apache.catalina.startup.VersionLoggerListener.log JVM Vendor:            Oracle Corporation
01-Aug-2025 18:11:10.344 INFO [main] org.apache.catalina.startup.VersionLoggerListener.log CATALINA_BASE:         C:\LocalConnect
01-Aug-2025 18:11:10.344 INFO [main] org.apache.catalina.startup.VersionLoggerListener.log CATALINA_HOME:         C:\apache-tomcat-9.0.104
01-Aug-2025 18:11:10.357 INFO [main] org.apache.catalina.startup.VersionLoggerListener.log Command line argument: --add-opens=java.base/java.lang=ALL-UNNAMED
01-Aug-2025 18:11:10.358 INFO [main] org.apache.catalina.startup.VersionLoggerListener.log Command line argument: --add-opens=java.base/java.io=ALL-UNNAMED
01-Aug-2025 18:11:10.358 INFO [main] org.apache.catalina.startup.VersionLoggerListener.log Command line argument: --add-opens=java.base/java.util=ALL-UNNAMED
01-Aug-2025 18:11:10.358 INFO [main] org.apache.catalina.startup.VersionLoggerListener.log Command line argument: --add-opens=java.base/java.util.concurrent=ALL-UNNAMED
01-Aug-2025 18:11:10.358 INFO [main] org.apache.catalina.startup.VersionLoggerListener.log Command line argument: --add-opens=java.rmi/sun.rmi.transport=ALL-UNNAMED
01-Aug-2025 18:11:10.358 INFO [main] org.apache.catalina.startup.VersionLoggerListener.log Command line argument: -Dcatalina.home=C:\apache-tomcat-9.0.104
01-Aug-2025 18:11:10.358 INFO [main] org.apache.catalina.startup.VersionLoggerListener.log Command line argument: -Dcatalina.base=C:\LocalConnect
01-Aug-2025 18:11:10.358 INFO [main] org.apache.catalina.startup.VersionLoggerListener.log Command line argument: -Djava.io.tmpdir=C:\LocalConnect\temp
01-Aug-2025 18:11:10.358 INFO [main] org.apache.catalina.startup.VersionLoggerListener.log Command line argument: -Djava.util.logging.config.file=C:\LocalConnect\conf\logging.properties
01-Aug-2025 18:11:10.359 INFO [main] org.apache.catalina.startup.VersionLoggerListener.log Command line argument: -Djava.util.logging.manager=org.apache.juli.ClassLoaderLogManager
01-Aug-2025 18:11:10.359 INFO [main] org.apache.catalina.startup.VersionLoggerListener.log Command line argument: -javaagent:C:\Users\rashm\ideaIC-2024.1.4.win\lib\idea_rt.jar=49690:C:\Users\rashm\ideaIC-2024.1.4.win\bin
01-Aug-2025 18:11:10.359 INFO [main] org.apache.catalina.startup.VersionLoggerListener.log Command line argument: -Dfile.encoding=UTF-8
01-Aug-2025 18:11:10.359 INFO [main] org.apache.catalina.startup.VersionLoggerListener.log Command line argument: -Dsun.stdout.encoding=UTF-8
01-Aug-2025 18:11:10.359 INFO [main] org.apache.catalina.startup.VersionLoggerListener.log Command line argument: -Dsun.stderr.encoding=UTF-8
01-Aug-2025 18:11:10.364 INFO [main] org.apache.catalina.core.AprLifecycleListener.lifecycleEvent Loaded Apache Tomcat Native library [1.3.1] using APR version [1.7.4].
01-Aug-2025 18:11:10.365 INFO [main] org.apache.catalina.core.AprLifecycleListener.lifecycleEvent APR capabilities: IPv6 [true], sendfile [true], accept filters [false], random [true], UDS [true].
01-Aug-2025 18:11:10.365 INFO [main] org.apache.catalina.core.AprLifecycleListener.lifecycleEvent APR/OpenSSL configuration: useAprConnector [false], useOpenSSL [true]
01-Aug-2025 18:11:10.379 INFO [main] org.apache.catalina.core.AprLifecycleListener.initializeSSL OpenSSL successfully initialized [OpenSSL 3.0.14 4 Jun 2024]
01-Aug-2025 18:11:11.103 INFO [main] org.apache.coyote.AbstractProtocol.init Initializing ProtocolHandler ["http-nio-8080"]
01-Aug-2025 18:11:11.137 INFO [main] org.apache.catalina.startup.Catalina.load Server initialization in [1207] milliseconds
01-Aug-2025 18:11:11.228 INFO [main] org.apache.catalina.core.StandardService.startInternal Starting service [Catalina]
01-Aug-2025 18:11:11.229 INFO [main] org.apache.catalina.core.StandardEngine.startInternal Starting Servlet engine: [Apache Tomcat/9.0.104]
01-Aug-2025 18:11:11.249 INFO [main] org.apache.catalina.startup.HostConfig.deployDescriptor Deploying deployment descriptor [C:\LocalConnect\conf\Catalina\localhost\connect.xml]
01-Aug-2025 18:11:12.402 INFO [main] org.apache.jasper.servlet.TldScanner.scanJars At least one JAR was scanned for TLDs yet contained no TLDs. Enable debug logging for this logger for a complete list of JARs that were scanned but no TLDs were found in them. Skipping unneeded JARs during scanning can improve startup time and JSP compilation time.
01-Aug-2025 18:11:12.499 INFO [main] org.apache.catalina.startup.HostConfig.deployDescriptor Deployment of deployment descriptor [C:\LocalConnect\conf\Catalina\localhost\connect.xml] has finished in [1,249] ms
01-Aug-2025 18:11:12.507 INFO [main] org.apache.coyote.AbstractProtocol.start Starting ProtocolHandler ["http-nio-8080"]
01-Aug-2025 18:11:12.547 INFO [main] org.apache.catalina.startup.Catalina.start Server startup in [1408] milliseconds
01-Aug-2025 18:17:23.788 INFO [Thread-1] org.apache.coyote.AbstractProtocol.pause Pausing ProtocolHandler ["http-nio-8080"]
01-Aug-2025 18:17:23.798 INFO [Thread-1] org.apache.catalina.core.StandardService.stopInternal Stopping service [Catalina]
01-Aug-2025 18:17:23.816 WARNING [Thread-1] org.apache.catalina.loader.WebappClassLoaderBase.clearReferencesJdbc The web application [connect] registered the JDBC driver [com.mysql.cj.jdbc.Driver] but failed to unregister it when the web application was stopped. To prevent a memory leak, the JDBC Driver has been forcibly unregistered.
01-Aug-2025 18:17:23.817 WARNING [Thread-1] org.apache.catalina.loader.WebappClassLoaderBase.clearReferencesThreads The web application [connect] appears to have started a thread named [mysql-cj-abandoned-connection-cleanup] but has failed to stop it. This is very likely to create a memory leak. Stack trace of thread:
 java.base/jdk.internal.misc.Unsafe.park(Native Method)
 java.base/java.util.concurrent.locks.LockSupport.parkNanos(LockSupport.java:269)
 java.base/java.util.concurrent.locks.AbstractQueuedSynchronizer$ConditionObject.await(AbstractQueuedSynchronizer.java:1852)
 java.base/java.lang.ref.ReferenceQueue.await(ReferenceQueue.java:79)
 java.base/java.lang.ref.ReferenceQueue.remove0(ReferenceQueue.java:151)
 java.base/java.lang.ref.ReferenceQueue.remove(ReferenceQueue.java:229)
 com.mysql.cj.jdbc.AbandonedConnectionCleanupThread.run(AbandonedConnectionCleanupThread.java:91)
 java.base/java.util.concurrent.ThreadPoolExecutor.runWorker(ThreadPoolExecutor.java:1144)
 java.base/java.util.concurrent.ThreadPoolExecutor$Worker.run(ThreadPoolExecutor.java:642)
 java.base/java.lang.Thread.run(Thread.java:1575)
01-Aug-2025 18:17:23.827 INFO [Thread-1] org.apache.coyote.AbstractProtocol.stop Stopping ProtocolHandler ["http-nio-8080"]
01-Aug-2025 18:17:23.834 INFO [Thread-1] org.apache.coyote.AbstractProtocol.destroy Destroying ProtocolHandler ["http-nio-8080"]
01-Aug-2025 18:17:28.129 INFO [main] org.apache.catalina.startup.VersionLoggerListener.log Server version name:   Apache Tomcat/9.0.104
01-Aug-2025 18:17:28.136 INFO [main] org.apache.catalina.startup.VersionLoggerListener.log Server built:          Apr 4 2025 12:32:55 UTC
01-Aug-2025 18:17:28.137 INFO [main] org.apache.catalina.startup.VersionLoggerListener.log Server version number: 9.0.104.0
01-Aug-2025 18:17:28.137 INFO [main] org.apache.catalina.startup.VersionLoggerListener.log OS Name:               Windows 11
01-Aug-2025 18:17:28.138 INFO [main] org.apache.catalina.startup.VersionLoggerListener.log OS Version:            10.0
01-Aug-2025 18:17:28.138 INFO [main] org.apache.catalina.startup.VersionLoggerListener.log Architecture:          amd64
01-Aug-2025 18:17:28.139 INFO [main] org.apache.catalina.startup.VersionLoggerListener.log Java Home:             C:\Users\rashm\.jdks\openjdk-23.0.2
01-Aug-2025 18:17:28.139 INFO [main] org.apache.catalina.startup.VersionLoggerListener.log JVM Version:           23.0.2+7-58
01-Aug-2025 18:17:28.139 INFO [main] org.apache.catalina.startup.VersionLoggerListener.log JVM Vendor:            Oracle Corporation
01-Aug-2025 18:17:28.140 INFO [main] org.apache.catalina.startup.VersionLoggerListener.log CATALINA_BASE:         C:\LocalConnect
01-Aug-2025 18:17:28.140 INFO [main] org.apache.catalina.startup.VersionLoggerListener.log CATALINA_HOME:         C:\apache-tomcat-9.0.104
01-Aug-2025 18:17:28.154 INFO [main] org.apache.catalina.startup.VersionLoggerListener.log Command line argument: --add-opens=java.base/java.lang=ALL-UNNAMED
01-Aug-2025 18:17:28.154 INFO [main] org.apache.catalina.startup.VersionLoggerListener.log Command line argument: --add-opens=java.base/java.io=ALL-UNNAMED
01-Aug-2025 18:17:28.154 INFO [main] org.apache.catalina.startup.VersionLoggerListener.log Command line argument: --add-opens=java.base/java.util=ALL-UNNAMED
01-Aug-2025 18:17:28.155 INFO [main] org.apache.catalina.startup.VersionLoggerListener.log Command line argument: --add-opens=java.base/java.util.concurrent=ALL-UNNAMED
01-Aug-2025 18:17:28.155 INFO [main] org.apache.catalina.startup.VersionLoggerListener.log Command line argument: --add-opens=java.rmi/sun.rmi.transport=ALL-UNNAMED
01-Aug-2025 18:17:28.155 INFO [main] org.apache.catalina.startup.VersionLoggerListener.log Command line argument: -Dcatalina.home=C:\apache-tomcat-9.0.104
01-Aug-2025 18:17:28.155 INFO [main] org.apache.catalina.startup.VersionLoggerListener.log Command line argument: -Dcatalina.base=C:\LocalConnect
01-Aug-2025 18:17:28.155 INFO [main] org.apache.catalina.startup.VersionLoggerListener.log Command line argument: -Djava.io.tmpdir=C:\LocalConnect\temp
01-Aug-2025 18:17:28.155 INFO [main] org.apache.catalina.startup.VersionLoggerListener.log Command line argument: -Djava.util.logging.config.file=C:\LocalConnect\conf\logging.properties
01-Aug-2025 18:17:28.156 INFO [main] org.apache.catalina.startup.VersionLoggerListener.log Command line argument: -Djava.util.logging.manager=org.apache.juli.ClassLoaderLogManager
01-Aug-2025 18:17:28.156 INFO [main] org.apache.catalina.startup.VersionLoggerListener.log Command line argument: -javaagent:C:\Users\rashm\ideaIC-2024.1.4.win\lib\idea_rt.jar=49745:C:\Users\rashm\ideaIC-2024.1.4.win\bin
01-Aug-2025 18:17:28.156 INFO [main] org.apache.catalina.startup.VersionLoggerListener.log Command line argument: -Dfile.encoding=UTF-8
01-Aug-2025 18:17:28.156 INFO [main] org.apache.catalina.startup.VersionLoggerListener.log Command line argument: -Dsun.stdout.encoding=UTF-8
01-Aug-2025 18:17:28.156 INFO [main] org.apache.catalina.startup.VersionLoggerListener.log Command line argument: -Dsun.stderr.encoding=UTF-8
01-Aug-2025 18:17:28.163 INFO [main] org.apache.catalina.core.AprLifecycleListener.lifecycleEvent Loaded Apache Tomcat Native library [1.3.1] using APR version [1.7.4].
01-Aug-2025 18:17:28.163 INFO [main] org.apache.catalina.core.AprLifecycleListener.lifecycleEvent APR capabilities: IPv6 [true], sendfile [true], accept filters [false], random [true], UDS [true].
01-Aug-2025 18:17:28.163 INFO [main] org.apache.catalina.core.AprLifecycleListener.lifecycleEvent APR/OpenSSL configuration: useAprConnector [false], useOpenSSL [true]
01-Aug-2025 18:17:28.175 INFO [main] org.apache.catalina.core.AprLifecycleListener.initializeSSL OpenSSL successfully initialized [OpenSSL 3.0.14 4 Jun 2024]
01-Aug-2025 18:17:28.866 INFO [main] org.apache.coyote.AbstractProtocol.init Initializing ProtocolHandler ["http-nio-8080"]
01-Aug-2025 18:17:28.900 INFO [main] org.apache.catalina.startup.Catalina.load Server initialization in [1159] milliseconds
01-Aug-2025 18:17:28.995 INFO [main] org.apache.catalina.core.StandardService.startInternal Starting service [Catalina]
01-Aug-2025 18:17:28.995 INFO [main] org.apache.catalina.core.StandardEngine.startInternal Starting Servlet engine: [Apache Tomcat/9.0.104]
01-Aug-2025 18:17:29.016 INFO [main] org.apache.catalina.startup.HostConfig.deployDescriptor Deploying deployment descriptor [C:\LocalConnect\conf\Catalina\localhost\connect.xml]
01-Aug-2025 18:17:30.251 INFO [main] org.apache.jasper.servlet.TldScanner.scanJars At least one JAR was scanned for TLDs yet contained no TLDs. Enable debug logging for this logger for a complete list of JARs that were scanned but no TLDs were found in them. Skipping unneeded JARs during scanning can improve startup time and JSP compilation time.
01-Aug-2025 18:17:30.353 INFO [main] org.apache.catalina.startup.HostConfig.deployDescriptor Deployment of deployment descriptor [C:\LocalConnect\conf\Catalina\localhost\connect.xml] has finished in [1,336] ms
01-Aug-2025 18:17:30.362 INFO [main] org.apache.coyote.AbstractProtocol.start Starting ProtocolHandler ["http-nio-8080"]
01-Aug-2025 18:17:30.403 INFO [main] org.apache.catalina.startup.Catalina.start Server startup in [1500] milliseconds
01-Aug-2025 18:27:09.735 INFO [Thread-1] org.apache.coyote.AbstractProtocol.pause Pausing ProtocolHandler ["http-nio-8080"]
01-Aug-2025 18:27:09.743 INFO [Thread-1] org.apache.catalina.core.StandardService.stopInternal Stopping service [Catalina]
01-Aug-2025 18:27:09.759 WARNING [Thread-1] org.apache.catalina.loader.WebappClassLoaderBase.clearReferencesJdbc The web application [connect] registered the JDBC driver [com.mysql.cj.jdbc.Driver] but failed to unregister it when the web application was stopped. To prevent a memory leak, the JDBC Driver has been forcibly unregistered.
01-Aug-2025 18:27:09.760 WARNING [Thread-1] org.apache.catalina.loader.WebappClassLoaderBase.clearReferencesThreads The web application [connect] appears to have started a thread named [mysql-cj-abandoned-connection-cleanup] but has failed to stop it. This is very likely to create a memory leak. Stack trace of thread:
 java.base/jdk.internal.misc.Unsafe.park(Native Method)
 java.base/java.util.concurrent.locks.LockSupport.parkNanos(LockSupport.java:269)
 java.base/java.util.concurrent.locks.AbstractQueuedSynchronizer$ConditionObject.await(AbstractQueuedSynchronizer.java:1852)
 java.base/java.lang.ref.ReferenceQueue.await(ReferenceQueue.java:79)
 java.base/java.lang.ref.ReferenceQueue.remove0(ReferenceQueue.java:151)
 java.base/java.lang.ref.ReferenceQueue.remove(ReferenceQueue.java:229)
 com.mysql.cj.jdbc.AbandonedConnectionCleanupThread.run(AbandonedConnectionCleanupThread.java:91)
 java.base/java.util.concurrent.ThreadPoolExecutor.runWorker(ThreadPoolExecutor.java:1144)
 java.base/java.util.concurrent.ThreadPoolExecutor$Worker.run(ThreadPoolExecutor.java:642)
 java.base/java.lang.Thread.run(Thread.java:1575)
01-Aug-2025 18:27:09.770 INFO [Thread-1] org.apache.coyote.AbstractProtocol.stop Stopping ProtocolHandler ["http-nio-8080"]
01-Aug-2025 18:27:09.788 INFO [Thread-1] org.apache.coyote.AbstractProtocol.destroy Destroying ProtocolHandler ["http-nio-8080"]
01-Aug-2025 18:27:14.665 INFO [main] org.apache.catalina.startup.VersionLoggerListener.log Server version name:   Apache Tomcat/9.0.104
01-Aug-2025 18:27:14.671 INFO [main] org.apache.catalina.startup.VersionLoggerListener.log Server built:          Apr 4 2025 12:32:55 UTC
01-Aug-2025 18:27:14.671 INFO [main] org.apache.catalina.startup.VersionLoggerListener.log Server version number: 9.0.104.0
01-Aug-2025 18:27:14.672 INFO [main] org.apache.catalina.startup.VersionLoggerListener.log OS Name:               Windows 11
01-Aug-2025 18:27:14.672 INFO [main] org.apache.catalina.startup.VersionLoggerListener.log OS Version:            10.0
01-Aug-2025 18:27:14.672 INFO [main] org.apache.catalina.startup.VersionLoggerListener.log Architecture:          amd64
01-Aug-2025 18:27:14.673 INFO [main] org.apache.catalina.startup.VersionLoggerListener.log Java Home:             C:\Users\rashm\.jdks\openjdk-23.0.2
01-Aug-2025 18:27:14.673 INFO [main] org.apache.catalina.startup.VersionLoggerListener.log JVM Version:           23.0.2+7-58
01-Aug-2025 18:27:14.674 INFO [main] org.apache.catalina.startup.VersionLoggerListener.log JVM Vendor:            Oracle Corporation
01-Aug-2025 18:27:14.674 INFO [main] org.apache.catalina.startup.VersionLoggerListener.log CATALINA_BASE:         C:\LocalConnect
01-Aug-2025 18:27:14.674 INFO [main] org.apache.catalina.startup.VersionLoggerListener.log CATALINA_HOME:         C:\apache-tomcat-9.0.104
01-Aug-2025 18:27:14.690 INFO [main] org.apache.catalina.startup.VersionLoggerListener.log Command line argument: --add-opens=java.base/java.lang=ALL-UNNAMED
01-Aug-2025 18:27:14.690 INFO [main] org.apache.catalina.startup.VersionLoggerListener.log Command line argument: --add-opens=java.base/java.io=ALL-UNNAMED
01-Aug-2025 18:27:14.690 INFO [main] org.apache.catalina.startup.VersionLoggerListener.log Command line argument: --add-opens=java.base/java.util=ALL-UNNAMED
01-Aug-2025 18:27:14.691 INFO [main] org.apache.catalina.startup.VersionLoggerListener.log Command line argument: --add-opens=java.base/java.util.concurrent=ALL-UNNAMED
01-Aug-2025 18:27:14.691 INFO [main] org.apache.catalina.startup.VersionLoggerListener.log Command line argument: --add-opens=java.rmi/sun.rmi.transport=ALL-UNNAMED
01-Aug-2025 18:27:14.691 INFO [main] org.apache.catalina.startup.VersionLoggerListener.log Command line argument: -Dcatalina.home=C:\apache-tomcat-9.0.104
01-Aug-2025 18:27:14.691 INFO [main] org.apache.catalina.startup.VersionLoggerListener.log Command line argument: -Dcatalina.base=C:\LocalConnect
01-Aug-2025 18:27:14.692 INFO [main] org.apache.catalina.startup.VersionLoggerListener.log Command line argument: -Djava.io.tmpdir=C:\LocalConnect\temp
01-Aug-2025 18:27:14.692 INFO [main] org.apache.catalina.startup.VersionLoggerListener.log Command line argument: -Djava.util.logging.config.file=C:\LocalConnect\conf\logging.properties
01-Aug-2025 18:27:14.692 INFO [main] org.apache.catalina.startup.VersionLoggerListener.log Command line argument: -Djava.util.logging.manager=org.apache.juli.ClassLoaderLogManager
01-Aug-2025 18:27:14.692 INFO [main] org.apache.catalina.startup.VersionLoggerListener.log Command line argument: -javaagent:C:\Users\rashm\ideaIC-2024.1.4.win\lib\idea_rt.jar=49762:C:\Users\rashm\ideaIC-2024.1.4.win\bin
01-Aug-2025 18:27:14.693 INFO [main] org.apache.catalina.startup.VersionLoggerListener.log Command line argument: -Dfile.encoding=UTF-8
01-Aug-2025 18:27:14.693 INFO [main] org.apache.catalina.startup.VersionLoggerListener.log Command line argument: -Dsun.stdout.encoding=UTF-8
01-Aug-2025 18:27:14.693 INFO [main] org.apache.catalina.startup.VersionLoggerListener.log Command line argument: -Dsun.stderr.encoding=UTF-8
01-Aug-2025 18:27:14.700 INFO [main] org.apache.catalina.core.AprLifecycleListener.lifecycleEvent Loaded Apache Tomcat Native library [1.3.1] using APR version [1.7.4].
01-Aug-2025 18:27:14.700 INFO [main] org.apache.catalina.core.AprLifecycleListener.lifecycleEvent APR capabilities: IPv6 [true], sendfile [true], accept filters [false], random [true], UDS [true].
01-Aug-2025 18:27:14.701 INFO [main] org.apache.catalina.core.AprLifecycleListener.lifecycleEvent APR/OpenSSL configuration: useAprConnector [false], useOpenSSL [true]
01-Aug-2025 18:27:14.716 INFO [main] org.apache.catalina.core.AprLifecycleListener.initializeSSL OpenSSL successfully initialized [OpenSSL 3.0.14 4 Jun 2024]
01-Aug-2025 18:27:15.399 INFO [main] org.apache.coyote.AbstractProtocol.init Initializing ProtocolHandler ["http-nio-8080"]
01-Aug-2025 18:27:15.430 INFO [main] org.apache.catalina.startup.Catalina.load Server initialization in [1211] milliseconds
01-Aug-2025 18:27:15.528 INFO [main] org.apache.catalina.core.StandardService.startInternal Starting service [Catalina]
01-Aug-2025 18:27:15.528 INFO [main] org.apache.catalina.core.StandardEngine.startInternal Starting Servlet engine: [Apache Tomcat/9.0.104]
01-Aug-2025 18:27:15.550 INFO [main] org.apache.catalina.startup.HostConfig.deployDescriptor Deploying deployment descriptor [C:\LocalConnect\conf\Catalina\localhost\connect.xml]
01-Aug-2025 18:27:16.730 INFO [main] org.apache.jasper.servlet.TldScanner.scanJars At least one JAR was scanned for TLDs yet contained no TLDs. Enable debug logging for this logger for a complete list of JARs that were scanned but no TLDs were found in them. Skipping unneeded JARs during scanning can improve startup time and JSP compilation time.
01-Aug-2025 18:27:16.816 INFO [main] org.apache.catalina.startup.HostConfig.deployDescriptor Deployment of deployment descriptor [C:\LocalConnect\conf\Catalina\localhost\connect.xml] has finished in [1,265] ms
01-Aug-2025 18:27:16.824 INFO [main] org.apache.coyote.AbstractProtocol.start Starting ProtocolHandler ["http-nio-8080"]
01-Aug-2025 18:27:16.861 INFO [main] org.apache.catalina.startup.Catalina.start Server startup in [1428] milliseconds
01-Aug-2025 18:28:47.364 INFO [Thread-1] org.apache.coyote.AbstractProtocol.pause Pausing ProtocolHandler ["http-nio-8080"]
01-Aug-2025 18:28:47.372 INFO [Thread-1] org.apache.catalina.core.StandardService.stopInternal Stopping service [Catalina]
01-Aug-2025 18:28:47.388 WARNING [Thread-1] org.apache.catalina.loader.WebappClassLoaderBase.clearReferencesJdbc The web application [connect] registered the JDBC driver [com.mysql.cj.jdbc.Driver] but failed to unregister it when the web application was stopped. To prevent a memory leak, the JDBC Driver has been forcibly unregistered.
01-Aug-2025 18:28:47.389 WARNING [Thread-1] org.apache.catalina.loader.WebappClassLoaderBase.clearReferencesThreads The web application [connect] appears to have started a thread named [mysql-cj-abandoned-connection-cleanup] but has failed to stop it. This is very likely to create a memory leak. Stack trace of thread:
 java.base/jdk.internal.misc.Unsafe.park(Native Method)
 java.base/java.util.concurrent.locks.LockSupport.parkNanos(LockSupport.java:269)
 java.base/java.util.concurrent.locks.AbstractQueuedSynchronizer$ConditionObject.await(AbstractQueuedSynchronizer.java:1852)
 java.base/java.lang.ref.ReferenceQueue.await(ReferenceQueue.java:79)
 java.base/java.lang.ref.ReferenceQueue.remove0(ReferenceQueue.java:151)
 java.base/java.lang.ref.ReferenceQueue.remove(ReferenceQueue.java:229)
 com.mysql.cj.jdbc.AbandonedConnectionCleanupThread.run(AbandonedConnectionCleanupThread.java:91)
 java.base/java.util.concurrent.ThreadPoolExecutor.runWorker(ThreadPoolExecutor.java:1144)
 java.base/java.util.concurrent.ThreadPoolExecutor$Worker.run(ThreadPoolExecutor.java:642)
 java.base/java.lang.Thread.run(Thread.java:1575)
01-Aug-2025 18:28:47.399 INFO [Thread-1] org.apache.coyote.AbstractProtocol.stop Stopping ProtocolHandler ["http-nio-8080"]
01-Aug-2025 18:28:47.409 INFO [Thread-1] org.apache.coyote.AbstractProtocol.destroy Destroying ProtocolHandler ["http-nio-8080"]
01-Aug-2025 18:28:51.344 INFO [main] org.apache.catalina.startup.VersionLoggerListener.log Server version name:   Apache Tomcat/9.0.104
01-Aug-2025 18:28:51.351 INFO [main] org.apache.catalina.startup.VersionLoggerListener.log Server built:          Apr 4 2025 12:32:55 UTC
01-Aug-2025 18:28:51.352 INFO [main] org.apache.catalina.startup.VersionLoggerListener.log Server version number: 9.0.104.0
01-Aug-2025 18:28:51.352 INFO [main] org.apache.catalina.startup.VersionLoggerListener.log OS Name:               Windows 11
01-Aug-2025 18:28:51.352 INFO [main] org.apache.catalina.startup.VersionLoggerListener.log OS Version:            10.0
01-Aug-2025 18:28:51.352 INFO [main] org.apache.catalina.startup.VersionLoggerListener.log Architecture:          amd64
01-Aug-2025 18:28:51.353 INFO [main] org.apache.catalina.startup.VersionLoggerListener.log Java Home:             C:\Users\rashm\.jdks\openjdk-23.0.2
01-Aug-2025 18:28:51.353 INFO [main] org.apache.catalina.startup.VersionLoggerListener.log JVM Version:           23.0.2+7-58
01-Aug-2025 18:28:51.353 INFO [main] org.apache.catalina.startup.VersionLoggerListener.log JVM Vendor:            Oracle Corporation
01-Aug-2025 18:28:51.353 INFO [main] org.apache.catalina.startup.VersionLoggerListener.log CATALINA_BASE:         C:\LocalConnect
01-Aug-2025 18:28:51.354 INFO [main] org.apache.catalina.startup.VersionLoggerListener.log CATALINA_HOME:         C:\apache-tomcat-9.0.104
01-Aug-2025 18:28:51.370 INFO [main] org.apache.catalina.startup.VersionLoggerListener.log Command line argument: --add-opens=java.base/java.lang=ALL-UNNAMED
01-Aug-2025 18:28:51.370 INFO [main] org.apache.catalina.startup.VersionLoggerListener.log Command line argument: --add-opens=java.base/java.io=ALL-UNNAMED
01-Aug-2025 18:28:51.370 INFO [main] org.apache.catalina.startup.VersionLoggerListener.log Command line argument: --add-opens=java.base/java.util=ALL-UNNAMED
01-Aug-2025 18:28:51.370 INFO [main] org.apache.catalina.startup.VersionLoggerListener.log Command line argument: --add-opens=java.base/java.util.concurrent=ALL-UNNAMED
01-Aug-2025 18:28:51.370 INFO [main] org.apache.catalina.startup.VersionLoggerListener.log Command line argument: --add-opens=java.rmi/sun.rmi.transport=ALL-UNNAMED
01-Aug-2025 18:28:51.371 INFO [main] org.apache.catalina.startup.VersionLoggerListener.log Command line argument: -Dcatalina.home=C:\apache-tomcat-9.0.104
01-Aug-2025 18:28:51.371 INFO [main] org.apache.catalina.startup.VersionLoggerListener.log Command line argument: -Dcatalina.base=C:\LocalConnect
01-Aug-2025 18:28:51.371 INFO [main] org.apache.catalina.startup.VersionLoggerListener.log Command line argument: -Djava.io.tmpdir=C:\LocalConnect\temp
01-Aug-2025 18:28:51.372 INFO [main] org.apache.catalina.startup.VersionLoggerListener.log Command line argument: -Djava.util.logging.config.file=C:\LocalConnect\conf\logging.properties
01-Aug-2025 18:28:51.372 INFO [main] org.apache.catalina.startup.VersionLoggerListener.log Command line argument: -Djava.util.logging.manager=org.apache.juli.ClassLoaderLogManager
01-Aug-2025 18:28:51.372 INFO [main] org.apache.catalina.startup.VersionLoggerListener.log Command line argument: -javaagent:C:\Users\rashm\ideaIC-2024.1.4.win\lib\idea_rt.jar=49777:C:\Users\rashm\ideaIC-2024.1.4.win\bin
01-Aug-2025 18:28:51.372 INFO [main] org.apache.catalina.startup.VersionLoggerListener.log Command line argument: -Dfile.encoding=UTF-8
01-Aug-2025 18:28:51.372 INFO [main] org.apache.catalina.startup.VersionLoggerListener.log Command line argument: -Dsun.stdout.encoding=UTF-8
01-Aug-2025 18:28:51.372 INFO [main] org.apache.catalina.startup.VersionLoggerListener.log Command line argument: -Dsun.stderr.encoding=UTF-8
01-Aug-2025 18:28:51.379 INFO [main] org.apache.catalina.core.AprLifecycleListener.lifecycleEvent Loaded Apache Tomcat Native library [1.3.1] using APR version [1.7.4].
01-Aug-2025 18:28:51.380 INFO [main] org.apache.catalina.core.AprLifecycleListener.lifecycleEvent APR capabilities: IPv6 [true], sendfile [true], accept filters [false], random [true], UDS [true].
01-Aug-2025 18:28:51.380 INFO [main] org.apache.catalina.core.AprLifecycleListener.lifecycleEvent APR/OpenSSL configuration: useAprConnector [false], useOpenSSL [true]
01-Aug-2025 18:28:51.392 INFO [main] org.apache.catalina.core.AprLifecycleListener.initializeSSL OpenSSL successfully initialized [OpenSSL 3.0.14 4 Jun 2024]
01-Aug-2025 18:28:52.055 INFO [main] org.apache.coyote.AbstractProtocol.init Initializing ProtocolHandler ["http-nio-8080"]
01-Aug-2025 18:28:52.084 INFO [main] org.apache.catalina.startup.Catalina.load Server initialization in [1143] milliseconds
01-Aug-2025 18:28:52.171 INFO [main] org.apache.catalina.core.StandardService.startInternal Starting service [Catalina]
01-Aug-2025 18:28:52.171 INFO [main] org.apache.catalina.core.StandardEngine.startInternal Starting Servlet engine: [Apache Tomcat/9.0.104]
01-Aug-2025 18:28:52.194 INFO [main] org.apache.catalina.startup.HostConfig.deployDescriptor Deploying deployment descriptor [C:\LocalConnect\conf\Catalina\localhost\connect.xml]
01-Aug-2025 18:28:53.269 INFO [main] org.apache.jasper.servlet.TldScanner.scanJars At least one JAR was scanned for TLDs yet contained no TLDs. Enable debug logging for this logger for a complete list of JARs that were scanned but no TLDs were found in them. Skipping unneeded JARs during scanning can improve startup time and JSP compilation time.
01-Aug-2025 18:28:53.358 INFO [main] org.apache.catalina.startup.HostConfig.deployDescriptor Deployment of deployment descriptor [C:\LocalConnect\conf\Catalina\localhost\connect.xml] has finished in [1,165] ms
01-Aug-2025 18:28:53.366 INFO [main] org.apache.coyote.AbstractProtocol.start Starting ProtocolHandler ["http-nio-8080"]
01-Aug-2025 18:28:53.401 INFO [main] org.apache.catalina.startup.Catalina.start Server startup in [1314] milliseconds
01-Aug-2025 18:46:24.795 INFO [Thread-1] org.apache.coyote.AbstractProtocol.pause Pausing ProtocolHandler ["http-nio-8080"]
01-Aug-2025 18:46:24.806 INFO [Thread-1] org.apache.catalina.core.StandardService.stopInternal Stopping service [Catalina]
01-Aug-2025 18:46:24.824 WARNING [Thread-1] org.apache.catalina.loader.WebappClassLoaderBase.clearReferencesJdbc The web application [connect] registered the JDBC driver [com.mysql.cj.jdbc.Driver] but failed to unregister it when the web application was stopped. To prevent a memory leak, the JDBC Driver has been forcibly unregistered.
01-Aug-2025 18:46:24.825 WARNING [Thread-1] org.apache.catalina.loader.WebappClassLoaderBase.clearReferencesThreads The web application [connect] appears to have started a thread named [mysql-cj-abandoned-connection-cleanup] but has failed to stop it. This is very likely to create a memory leak. Stack trace of thread:
 java.base/jdk.internal.misc.Unsafe.park(Native Method)
 java.base/java.util.concurrent.locks.LockSupport.parkNanos(LockSupport.java:269)
 java.base/java.util.concurrent.locks.AbstractQueuedSynchronizer$ConditionObject.await(AbstractQueuedSynchronizer.java:1852)
 java.base/java.lang.ref.ReferenceQueue.await(ReferenceQueue.java:79)
 java.base/java.lang.ref.ReferenceQueue.remove0(ReferenceQueue.java:151)
 java.base/java.lang.ref.ReferenceQueue.remove(ReferenceQueue.java:229)
 com.mysql.cj.jdbc.AbandonedConnectionCleanupThread.run(AbandonedConnectionCleanupThread.java:91)
 java.base/java.util.concurrent.ThreadPoolExecutor.runWorker(ThreadPoolExecutor.java:1144)
 java.base/java.util.concurrent.ThreadPoolExecutor$Worker.run(ThreadPoolExecutor.java:642)
 java.base/java.lang.Thread.run(Thread.java:1575)
01-Aug-2025 18:46:24.834 INFO [Thread-1] org.apache.coyote.AbstractProtocol.stop Stopping ProtocolHandler ["http-nio-8080"]
01-Aug-2025 18:46:24.842 INFO [Thread-1] org.apache.coyote.AbstractProtocol.destroy Destroying ProtocolHandler ["http-nio-8080"]
01-Aug-2025 18:46:24.885 INFO [mysql-cj-abandoned-connection-cleanup] org.apache.catalina.loader.WebappClassLoaderBase.checkStateForResourceLoading Illegal access: this web application instance has been stopped already. Could not load []. The following stack trace is thrown for debugging purposes as well as to attempt to terminate the thread which caused the illegal access.
	java.lang.IllegalStateException: Illegal access: this web application instance has been stopped already. Could not load []. The following stack trace is thrown for debugging purposes as well as to attempt to terminate the thread which caused the illegal access.
		at org.apache.catalina.loader.WebappClassLoaderBase.checkStateForResourceLoading(WebappClassLoaderBase.java:1374)
		at org.apache.catalina.loader.WebappClassLoaderBase.getResource(WebappClassLoaderBase.java:997)
		at com.mysql.cj.jdbc.AbandonedConnectionCleanupThread.checkThreadContextClassLoader(AbandonedConnectionCleanupThread.java:123)
		at com.mysql.cj.jdbc.AbandonedConnectionCleanupThread.run(AbandonedConnectionCleanupThread.java:90)
		at java.base/java.util.concurrent.ThreadPoolExecutor.runWorker(ThreadPoolExecutor.java:1144)
		at java.base/java.util.concurrent.ThreadPoolExecutor$Worker.run(ThreadPoolExecutor.java:642)
		at java.base/java.lang.Thread.run(Thread.java:1575)
