05-Aug-2025 21:17:45.933 INFO [main] org.apache.catalina.startup.VersionLoggerListener.log Server version name:   Apache Tomcat/9.0.104
05-Aug-2025 21:17:45.943 INFO [main] org.apache.catalina.startup.VersionLoggerListener.log Server built:          Apr 4 2025 12:32:55 UTC
05-Aug-2025 21:17:45.943 INFO [main] org.apache.catalina.startup.VersionLoggerListener.log Server version number: 9.0.104.0
05-Aug-2025 21:17:45.944 INFO [main] org.apache.catalina.startup.VersionLoggerListener.log OS Name:               Windows 11
05-Aug-2025 21:17:45.944 INFO [main] org.apache.catalina.startup.VersionLoggerListener.log OS Version:            10.0
05-Aug-2025 21:17:45.944 INFO [main] org.apache.catalina.startup.VersionLoggerListener.log Architecture:          amd64
05-Aug-2025 21:17:45.946 INFO [main] org.apache.catalina.startup.VersionLoggerListener.log Java Home:             C:\Users\rashm\.jdks\openjdk-23.0.2
05-Aug-2025 21:17:45.946 INFO [main] org.apache.catalina.startup.VersionLoggerListener.log JVM Version:           23.0.2+7-58
05-Aug-2025 21:17:45.947 INFO [main] org.apache.catalina.startup.VersionLoggerListener.log JVM Vendor:            Oracle Corporation
05-Aug-2025 21:17:45.947 INFO [main] org.apache.catalina.startup.VersionLoggerListener.log CATALINA_BASE:         C:\LocalConnect
05-Aug-2025 21:17:45.948 INFO [main] org.apache.catalina.startup.VersionLoggerListener.log CATALINA_HOME:         C:\apache-tomcat-9.0.104
05-Aug-2025 21:17:45.967 INFO [main] org.apache.catalina.startup.VersionLoggerListener.log Command line argument: --add-opens=java.base/java.lang=ALL-UNNAMED
05-Aug-2025 21:17:45.968 INFO [main] org.apache.catalina.startup.VersionLoggerListener.log Command line argument: --add-opens=java.base/java.io=ALL-UNNAMED
05-Aug-2025 21:17:45.968 INFO [main] org.apache.catalina.startup.VersionLoggerListener.log Command line argument: --add-opens=java.base/java.util=ALL-UNNAMED
05-Aug-2025 21:17:45.969 INFO [main] org.apache.catalina.startup.VersionLoggerListener.log Command line argument: --add-opens=java.base/java.util.concurrent=ALL-UNNAMED
05-Aug-2025 21:17:45.969 INFO [main] org.apache.catalina.startup.VersionLoggerListener.log Command line argument: --add-opens=java.rmi/sun.rmi.transport=ALL-UNNAMED
05-Aug-2025 21:17:45.969 INFO [main] org.apache.catalina.startup.VersionLoggerListener.log Command line argument: -Dcatalina.home=C:\apache-tomcat-9.0.104
05-Aug-2025 21:17:45.969 INFO [main] org.apache.catalina.startup.VersionLoggerListener.log Command line argument: -Dcatalina.base=C:\LocalConnect
05-Aug-2025 21:17:45.969 INFO [main] org.apache.catalina.startup.VersionLoggerListener.log Command line argument: -Djava.io.tmpdir=C:\LocalConnect\temp
05-Aug-2025 21:17:45.970 INFO [main] org.apache.catalina.startup.VersionLoggerListener.log Command line argument: -Djava.util.logging.config.file=C:\LocalConnect\conf\logging.properties
05-Aug-2025 21:17:45.970 INFO [main] org.apache.catalina.startup.VersionLoggerListener.log Command line argument: -Djava.util.logging.manager=org.apache.juli.ClassLoaderLogManager
05-Aug-2025 21:17:45.970 INFO [main] org.apache.catalina.startup.VersionLoggerListener.log Command line argument: -javaagent:C:\Users\rashm\ideaIC-2024.1.4.win\lib\idea_rt.jar=49817:C:\Users\rashm\ideaIC-2024.1.4.win\bin
05-Aug-2025 21:17:45.971 INFO [main] org.apache.catalina.startup.VersionLoggerListener.log Command line argument: -Dfile.encoding=UTF-8
05-Aug-2025 21:17:45.971 INFO [main] org.apache.catalina.startup.VersionLoggerListener.log Command line argument: -Dsun.stdout.encoding=UTF-8
05-Aug-2025 21:17:45.971 INFO [main] org.apache.catalina.startup.VersionLoggerListener.log Command line argument: -Dsun.stderr.encoding=UTF-8
05-Aug-2025 21:17:46.775 INFO [main] org.apache.catalina.core.AprLifecycleListener.lifecycleEvent Loaded Apache Tomcat Native library [1.3.1] using APR version [1.7.4].
05-Aug-2025 21:17:46.776 INFO [main] org.apache.catalina.core.AprLifecycleListener.lifecycleEvent APR capabilities: IPv6 [true], sendfile [true], accept filters [false], random [true], UDS [true].
05-Aug-2025 21:17:46.776 INFO [main] org.apache.catalina.core.AprLifecycleListener.lifecycleEvent APR/OpenSSL configuration: useAprConnector [false], useOpenSSL [true]
05-Aug-2025 21:17:46.807 INFO [main] org.apache.catalina.core.AprLifecycleListener.initializeSSL OpenSSL successfully initialized [OpenSSL 3.0.14 4 Jun 2024]
05-Aug-2025 21:17:47.676 INFO [main] org.apache.coyote.AbstractProtocol.init Initializing ProtocolHandler ["http-nio-8080"]
05-Aug-2025 21:17:47.714 INFO [main] org.apache.catalina.startup.Catalina.load Server initialization in [2430] milliseconds
05-Aug-2025 21:17:47.820 INFO [main] org.apache.catalina.core.StandardService.startInternal Starting service [Catalina]
05-Aug-2025 21:17:47.821 INFO [main] org.apache.catalina.core.StandardEngine.startInternal Starting Servlet engine: [Apache Tomcat/9.0.104]
05-Aug-2025 21:17:47.844 INFO [main] org.apache.catalina.startup.HostConfig.deployDescriptor Deploying deployment descriptor [C:\LocalConnect\conf\Catalina\localhost\connect.xml]
05-Aug-2025 21:17:49.435 INFO [main] org.apache.jasper.servlet.TldScanner.scanJars At least one JAR was scanned for TLDs yet contained no TLDs. Enable debug logging for this logger for a complete list of JARs that were scanned but no TLDs were found in them. Skipping unneeded JARs during scanning can improve startup time and JSP compilation time.
05-Aug-2025 21:17:49.584 INFO [main] org.apache.catalina.startup.HostConfig.deployDescriptor Deployment of deployment descriptor [C:\LocalConnect\conf\Catalina\localhost\connect.xml] has finished in [1,739] ms
05-Aug-2025 21:17:49.592 INFO [main] org.apache.coyote.AbstractProtocol.start Starting ProtocolHandler ["http-nio-8080"]
05-Aug-2025 21:17:49.637 INFO [main] org.apache.catalina.startup.Catalina.start Server startup in [1919] milliseconds
05-Aug-2025 21:20:16.628 INFO [Thread-1] org.apache.coyote.AbstractProtocol.pause Pausing ProtocolHandler ["http-nio-8080"]
05-Aug-2025 21:20:16.636 INFO [Thread-1] org.apache.catalina.core.StandardService.stopInternal Stopping service [Catalina]
05-Aug-2025 21:20:16.649 WARNING [Thread-1] org.apache.catalina.loader.WebappClassLoaderBase.clearReferencesJdbc The web application [connect] registered the JDBC driver [com.mysql.cj.jdbc.Driver] but failed to unregister it when the web application was stopped. To prevent a memory leak, the JDBC Driver has been forcibly unregistered.
05-Aug-2025 21:20:16.650 WARNING [Thread-1] org.apache.catalina.loader.WebappClassLoaderBase.clearReferencesThreads The web application [connect] appears to have started a thread named [mysql-cj-abandoned-connection-cleanup] but has failed to stop it. This is very likely to create a memory leak. Stack trace of thread:
 java.base/jdk.internal.misc.Unsafe.park(Native Method)
 java.base/java.util.concurrent.locks.LockSupport.parkNanos(LockSupport.java:269)
 java.base/java.util.concurrent.locks.AbstractQueuedSynchronizer$ConditionObject.await(AbstractQueuedSynchronizer.java:1852)
 java.base/java.lang.ref.ReferenceQueue.await(ReferenceQueue.java:79)
 java.base/java.lang.ref.ReferenceQueue.remove0(ReferenceQueue.java:151)
 java.base/java.lang.ref.ReferenceQueue.remove(ReferenceQueue.java:229)
 com.mysql.cj.jdbc.AbandonedConnectionCleanupThread.run(AbandonedConnectionCleanupThread.java:91)
 java.base/java.util.concurrent.ThreadPoolExecutor.runWorker(ThreadPoolExecutor.java:1144)
 java.base/java.util.concurrent.ThreadPoolExecutor$Worker.run(ThreadPoolExecutor.java:642)
 java.base/java.lang.Thread.run(Thread.java:1575)
05-Aug-2025 21:20:16.663 INFO [Thread-1] org.apache.coyote.AbstractProtocol.stop Stopping ProtocolHandler ["http-nio-8080"]
05-Aug-2025 21:20:16.681 INFO [Thread-1] org.apache.coyote.AbstractProtocol.destroy Destroying ProtocolHandler ["http-nio-8080"]
05-Aug-2025 21:20:20.917 INFO [main] org.apache.catalina.startup.VersionLoggerListener.log Server version name:   Apache Tomcat/9.0.104
05-Aug-2025 21:20:20.927 INFO [main] org.apache.catalina.startup.VersionLoggerListener.log Server built:          Apr 4 2025 12:32:55 UTC
05-Aug-2025 21:20:20.928 INFO [main] org.apache.catalina.startup.VersionLoggerListener.log Server version number: 9.0.104.0
05-Aug-2025 21:20:20.928 INFO [main] org.apache.catalina.startup.VersionLoggerListener.log OS Name:               Windows 11
05-Aug-2025 21:20:20.929 INFO [main] org.apache.catalina.startup.VersionLoggerListener.log OS Version:            10.0
05-Aug-2025 21:20:20.930 INFO [main] org.apache.catalina.startup.VersionLoggerListener.log Architecture:          amd64
05-Aug-2025 21:20:20.930 INFO [main] org.apache.catalina.startup.VersionLoggerListener.log Java Home:             C:\Users\rashm\.jdks\openjdk-23.0.2
05-Aug-2025 21:20:20.930 INFO [main] org.apache.catalina.startup.VersionLoggerListener.log JVM Version:           23.0.2+7-58
05-Aug-2025 21:20:20.931 INFO [main] org.apache.catalina.startup.VersionLoggerListener.log JVM Vendor:            Oracle Corporation
05-Aug-2025 21:20:20.931 INFO [main] org.apache.catalina.startup.VersionLoggerListener.log CATALINA_BASE:         C:\LocalConnect
05-Aug-2025 21:20:20.932 INFO [main] org.apache.catalina.startup.VersionLoggerListener.log CATALINA_HOME:         C:\apache-tomcat-9.0.104
05-Aug-2025 21:20:20.947 INFO [main] org.apache.catalina.startup.VersionLoggerListener.log Command line argument: --add-opens=java.base/java.lang=ALL-UNNAMED
05-Aug-2025 21:20:20.947 INFO [main] org.apache.catalina.startup.VersionLoggerListener.log Command line argument: --add-opens=java.base/java.io=ALL-UNNAMED
05-Aug-2025 21:20:20.947 INFO [main] org.apache.catalina.startup.VersionLoggerListener.log Command line argument: --add-opens=java.base/java.util=ALL-UNNAMED
05-Aug-2025 21:20:20.948 INFO [main] org.apache.catalina.startup.VersionLoggerListener.log Command line argument: --add-opens=java.base/java.util.concurrent=ALL-UNNAMED
05-Aug-2025 21:20:20.948 INFO [main] org.apache.catalina.startup.VersionLoggerListener.log Command line argument: --add-opens=java.rmi/sun.rmi.transport=ALL-UNNAMED
05-Aug-2025 21:20:20.948 INFO [main] org.apache.catalina.startup.VersionLoggerListener.log Command line argument: -Dcatalina.home=C:\apache-tomcat-9.0.104
05-Aug-2025 21:20:20.948 INFO [main] org.apache.catalina.startup.VersionLoggerListener.log Command line argument: -Dcatalina.base=C:\LocalConnect
05-Aug-2025 21:20:20.949 INFO [main] org.apache.catalina.startup.VersionLoggerListener.log Command line argument: -Djava.io.tmpdir=C:\LocalConnect\temp
05-Aug-2025 21:20:20.949 INFO [main] org.apache.catalina.startup.VersionLoggerListener.log Command line argument: -Djava.util.logging.config.file=C:\LocalConnect\conf\logging.properties
05-Aug-2025 21:20:20.949 INFO [main] org.apache.catalina.startup.VersionLoggerListener.log Command line argument: -Djava.util.logging.manager=org.apache.juli.ClassLoaderLogManager
05-Aug-2025 21:20:20.950 INFO [main] org.apache.catalina.startup.VersionLoggerListener.log Command line argument: -javaagent:C:\Users\rashm\ideaIC-2024.1.4.win\lib\idea_rt.jar=49903:C:\Users\rashm\ideaIC-2024.1.4.win\bin
05-Aug-2025 21:20:20.950 INFO [main] org.apache.catalina.startup.VersionLoggerListener.log Command line argument: -Dfile.encoding=UTF-8
05-Aug-2025 21:20:20.951 INFO [main] org.apache.catalina.startup.VersionLoggerListener.log Command line argument: -Dsun.stdout.encoding=UTF-8
05-Aug-2025 21:20:20.951 INFO [main] org.apache.catalina.startup.VersionLoggerListener.log Command line argument: -Dsun.stderr.encoding=UTF-8
05-Aug-2025 21:20:20.958 INFO [main] org.apache.catalina.core.AprLifecycleListener.lifecycleEvent Loaded Apache Tomcat Native library [1.3.1] using APR version [1.7.4].
05-Aug-2025 21:20:20.958 INFO [main] org.apache.catalina.core.AprLifecycleListener.lifecycleEvent APR capabilities: IPv6 [true], sendfile [true], accept filters [false], random [true], UDS [true].
05-Aug-2025 21:20:20.958 INFO [main] org.apache.catalina.core.AprLifecycleListener.lifecycleEvent APR/OpenSSL configuration: useAprConnector [false], useOpenSSL [true]
05-Aug-2025 21:20:20.973 INFO [main] org.apache.catalina.core.AprLifecycleListener.initializeSSL OpenSSL successfully initialized [OpenSSL 3.0.14 4 Jun 2024]
05-Aug-2025 21:20:21.738 INFO [main] org.apache.coyote.AbstractProtocol.init Initializing ProtocolHandler ["http-nio-8080"]
05-Aug-2025 21:20:21.775 INFO [main] org.apache.catalina.startup.Catalina.load Server initialization in [1316] milliseconds
05-Aug-2025 21:20:21.878 INFO [main] org.apache.catalina.core.StandardService.startInternal Starting service [Catalina]
05-Aug-2025 21:20:21.879 INFO [main] org.apache.catalina.core.StandardEngine.startInternal Starting Servlet engine: [Apache Tomcat/9.0.104]
05-Aug-2025 21:20:21.905 INFO [main] org.apache.catalina.startup.HostConfig.deployDescriptor Deploying deployment descriptor [C:\LocalConnect\conf\Catalina\localhost\connect.xml]
05-Aug-2025 21:20:23.217 INFO [main] org.apache.jasper.servlet.TldScanner.scanJars At least one JAR was scanned for TLDs yet contained no TLDs. Enable debug logging for this logger for a complete list of JARs that were scanned but no TLDs were found in them. Skipping unneeded JARs during scanning can improve startup time and JSP compilation time.
05-Aug-2025 21:20:23.331 INFO [main] org.apache.catalina.startup.HostConfig.deployDescriptor Deployment of deployment descriptor [C:\LocalConnect\conf\Catalina\localhost\connect.xml] has finished in [1,426] ms
05-Aug-2025 21:20:23.341 INFO [main] org.apache.coyote.AbstractProtocol.start Starting ProtocolHandler ["http-nio-8080"]
05-Aug-2025 21:20:23.383 INFO [main] org.apache.catalina.startup.Catalina.start Server startup in [1605] milliseconds
05-Aug-2025 21:22:39.752 INFO [Thread-1] org.apache.coyote.AbstractProtocol.pause Pausing ProtocolHandler ["http-nio-8080"]
05-Aug-2025 21:22:39.760 INFO [Thread-1] org.apache.catalina.core.StandardService.stopInternal Stopping service [Catalina]
05-Aug-2025 21:22:39.773 WARNING [Thread-1] org.apache.catalina.loader.WebappClassLoaderBase.clearReferencesJdbc The web application [connect] registered the JDBC driver [com.mysql.cj.jdbc.Driver] but failed to unregister it when the web application was stopped. To prevent a memory leak, the JDBC Driver has been forcibly unregistered.
05-Aug-2025 21:22:39.774 WARNING [Thread-1] org.apache.catalina.loader.WebappClassLoaderBase.clearReferencesThreads The web application [connect] appears to have started a thread named [mysql-cj-abandoned-connection-cleanup] but has failed to stop it. This is very likely to create a memory leak. Stack trace of thread:
 java.base/jdk.internal.misc.Unsafe.park(Native Method)
 java.base/java.util.concurrent.locks.LockSupport.parkNanos(LockSupport.java:269)
 java.base/java.util.concurrent.locks.AbstractQueuedSynchronizer$ConditionObject.await(AbstractQueuedSynchronizer.java:1852)
 java.base/java.lang.ref.ReferenceQueue.await(ReferenceQueue.java:79)
 java.base/java.lang.ref.ReferenceQueue.remove0(ReferenceQueue.java:151)
 java.base/java.lang.ref.ReferenceQueue.remove(ReferenceQueue.java:229)
 com.mysql.cj.jdbc.AbandonedConnectionCleanupThread.run(AbandonedConnectionCleanupThread.java:91)
 java.base/java.util.concurrent.ThreadPoolExecutor.runWorker(ThreadPoolExecutor.java:1144)
 java.base/java.util.concurrent.ThreadPoolExecutor$Worker.run(ThreadPoolExecutor.java:642)
 java.base/java.lang.Thread.run(Thread.java:1575)
05-Aug-2025 21:22:39.782 INFO [Thread-1] org.apache.coyote.AbstractProtocol.stop Stopping ProtocolHandler ["http-nio-8080"]
05-Aug-2025 21:22:39.794 INFO [Thread-1] org.apache.coyote.AbstractProtocol.destroy Destroying ProtocolHandler ["http-nio-8080"]
05-Aug-2025 21:22:39.829 INFO [mysql-cj-abandoned-connection-cleanup] org.apache.catalina.loader.WebappClassLoaderBase.checkStateForResourceLoading Illegal access: this web application instance has been stopped already. Could not load []. The following stack trace is thrown for debugging purposes as well as to attempt to terminate the thread which caused the illegal access.
	java.lang.IllegalStateException: Illegal access: this web application instance has been stopped already. Could not load []. The following stack trace is thrown for debugging purposes as well as to attempt to terminate the thread which caused the illegal access.
		at org.apache.catalina.loader.WebappClassLoaderBase.checkStateForResourceLoading(WebappClassLoaderBase.java:1374)
		at org.apache.catalina.loader.WebappClassLoaderBase.getResource(WebappClassLoaderBase.java:997)
		at com.mysql.cj.jdbc.AbandonedConnectionCleanupThread.checkThreadContextClassLoader(AbandonedConnectionCleanupThread.java:123)
		at com.mysql.cj.jdbc.AbandonedConnectionCleanupThread.run(AbandonedConnectionCleanupThread.java:90)
		at java.base/java.util.concurrent.ThreadPoolExecutor.runWorker(ThreadPoolExecutor.java:1144)
		at java.base/java.util.concurrent.ThreadPoolExecutor$Worker.run(ThreadPoolExecutor.java:642)
		at java.base/java.lang.Thread.run(Thread.java:1575)
05-Aug-2025 21:22:44.137 INFO [main] org.apache.catalina.startup.VersionLoggerListener.log Server version name:   Apache Tomcat/9.0.104
05-Aug-2025 21:22:44.150 INFO [main] org.apache.catalina.startup.VersionLoggerListener.log Server built:          Apr 4 2025 12:32:55 UTC
05-Aug-2025 21:22:44.151 INFO [main] org.apache.catalina.startup.VersionLoggerListener.log Server version number: 9.0.104.0
05-Aug-2025 21:22:44.151 INFO [main] org.apache.catalina.startup.VersionLoggerListener.log OS Name:               Windows 11
05-Aug-2025 21:22:44.152 INFO [main] org.apache.catalina.startup.VersionLoggerListener.log OS Version:            10.0
05-Aug-2025 21:22:44.152 INFO [main] org.apache.catalina.startup.VersionLoggerListener.log Architecture:          amd64
05-Aug-2025 21:22:44.153 INFO [main] org.apache.catalina.startup.VersionLoggerListener.log Java Home:             C:\Users\rashm\.jdks\openjdk-23.0.2
05-Aug-2025 21:22:44.153 INFO [main] org.apache.catalina.startup.VersionLoggerListener.log JVM Version:           23.0.2+7-58
05-Aug-2025 21:22:44.154 INFO [main] org.apache.catalina.startup.VersionLoggerListener.log JVM Vendor:            Oracle Corporation
05-Aug-2025 21:22:44.154 INFO [main] org.apache.catalina.startup.VersionLoggerListener.log CATALINA_BASE:         C:\LocalConnect
05-Aug-2025 21:22:44.155 INFO [main] org.apache.catalina.startup.VersionLoggerListener.log CATALINA_HOME:         C:\apache-tomcat-9.0.104
05-Aug-2025 21:22:44.175 INFO [main] org.apache.catalina.startup.VersionLoggerListener.log Command line argument: --add-opens=java.base/java.lang=ALL-UNNAMED
05-Aug-2025 21:22:44.176 INFO [main] org.apache.catalina.startup.VersionLoggerListener.log Command line argument: --add-opens=java.base/java.io=ALL-UNNAMED
05-Aug-2025 21:22:44.176 INFO [main] org.apache.catalina.startup.VersionLoggerListener.log Command line argument: --add-opens=java.base/java.util=ALL-UNNAMED
05-Aug-2025 21:22:44.176 INFO [main] org.apache.catalina.startup.VersionLoggerListener.log Command line argument: --add-opens=java.base/java.util.concurrent=ALL-UNNAMED
05-Aug-2025 21:22:44.176 INFO [main] org.apache.catalina.startup.VersionLoggerListener.log Command line argument: --add-opens=java.rmi/sun.rmi.transport=ALL-UNNAMED
05-Aug-2025 21:22:44.177 INFO [main] org.apache.catalina.startup.VersionLoggerListener.log Command line argument: -Dcatalina.home=C:\apache-tomcat-9.0.104
05-Aug-2025 21:22:44.177 INFO [main] org.apache.catalina.startup.VersionLoggerListener.log Command line argument: -Dcatalina.base=C:\LocalConnect
05-Aug-2025 21:22:44.177 INFO [main] org.apache.catalina.startup.VersionLoggerListener.log Command line argument: -Djava.io.tmpdir=C:\LocalConnect\temp
05-Aug-2025 21:22:44.178 INFO [main] org.apache.catalina.startup.VersionLoggerListener.log Command line argument: -Djava.util.logging.config.file=C:\LocalConnect\conf\logging.properties
05-Aug-2025 21:22:44.178 INFO [main] org.apache.catalina.startup.VersionLoggerListener.log Command line argument: -Djava.util.logging.manager=org.apache.juli.ClassLoaderLogManager
05-Aug-2025 21:22:44.178 INFO [main] org.apache.catalina.startup.VersionLoggerListener.log Command line argument: -javaagent:C:\Users\rashm\ideaIC-2024.1.4.win\lib\idea_rt.jar=49949:C:\Users\rashm\ideaIC-2024.1.4.win\bin
05-Aug-2025 21:22:44.178 INFO [main] org.apache.catalina.startup.VersionLoggerListener.log Command line argument: -Dfile.encoding=UTF-8
05-Aug-2025 21:22:44.179 INFO [main] org.apache.catalina.startup.VersionLoggerListener.log Command line argument: -Dsun.stdout.encoding=UTF-8
05-Aug-2025 21:22:44.179 INFO [main] org.apache.catalina.startup.VersionLoggerListener.log Command line argument: -Dsun.stderr.encoding=UTF-8
05-Aug-2025 21:22:44.189 INFO [main] org.apache.catalina.core.AprLifecycleListener.lifecycleEvent Loaded Apache Tomcat Native library [1.3.1] using APR version [1.7.4].
05-Aug-2025 21:22:44.190 INFO [main] org.apache.catalina.core.AprLifecycleListener.lifecycleEvent APR capabilities: IPv6 [true], sendfile [true], accept filters [false], random [true], UDS [true].
05-Aug-2025 21:22:44.190 INFO [main] org.apache.catalina.core.AprLifecycleListener.lifecycleEvent APR/OpenSSL configuration: useAprConnector [false], useOpenSSL [true]
05-Aug-2025 21:22:44.209 INFO [main] org.apache.catalina.core.AprLifecycleListener.initializeSSL OpenSSL successfully initialized [OpenSSL 3.0.14 4 Jun 2024]
05-Aug-2025 21:22:45.082 INFO [main] org.apache.coyote.AbstractProtocol.init Initializing ProtocolHandler ["http-nio-8080"]
05-Aug-2025 21:22:45.120 INFO [main] org.apache.catalina.startup.Catalina.load Server initialization in [1461] milliseconds
05-Aug-2025 21:22:45.233 INFO [main] org.apache.catalina.core.StandardService.startInternal Starting service [Catalina]
05-Aug-2025 21:22:45.234 INFO [main] org.apache.catalina.core.StandardEngine.startInternal Starting Servlet engine: [Apache Tomcat/9.0.104]
05-Aug-2025 21:22:45.256 INFO [main] org.apache.catalina.startup.HostConfig.deployDescriptor Deploying deployment descriptor [C:\LocalConnect\conf\Catalina\localhost\connect.xml]
05-Aug-2025 21:22:46.668 INFO [main] org.apache.jasper.servlet.TldScanner.scanJars At least one JAR was scanned for TLDs yet contained no TLDs. Enable debug logging for this logger for a complete list of JARs that were scanned but no TLDs were found in them. Skipping unneeded JARs during scanning can improve startup time and JSP compilation time.
05-Aug-2025 21:22:46.791 INFO [main] org.apache.catalina.startup.HostConfig.deployDescriptor Deployment of deployment descriptor [C:\LocalConnect\conf\Catalina\localhost\connect.xml] has finished in [1,534] ms
05-Aug-2025 21:22:46.802 INFO [main] org.apache.coyote.AbstractProtocol.start Starting ProtocolHandler ["http-nio-8080"]
05-Aug-2025 21:22:46.851 INFO [main] org.apache.catalina.startup.Catalina.start Server startup in [1727] milliseconds
05-Aug-2025 21:28:02.159 INFO [Thread-1] org.apache.coyote.AbstractProtocol.pause Pausing ProtocolHandler ["http-nio-8080"]
05-Aug-2025 21:28:02.169 INFO [Thread-1] org.apache.catalina.core.StandardService.stopInternal Stopping service [Catalina]
05-Aug-2025 21:28:02.184 WARNING [Thread-1] org.apache.catalina.loader.WebappClassLoaderBase.clearReferencesJdbc The web application [connect] registered the JDBC driver [com.mysql.cj.jdbc.Driver] but failed to unregister it when the web application was stopped. To prevent a memory leak, the JDBC Driver has been forcibly unregistered.
05-Aug-2025 21:28:02.185 WARNING [Thread-1] org.apache.catalina.loader.WebappClassLoaderBase.clearReferencesThreads The web application [connect] appears to have started a thread named [mysql-cj-abandoned-connection-cleanup] but has failed to stop it. This is very likely to create a memory leak. Stack trace of thread:
 java.base/jdk.internal.misc.Unsafe.park(Native Method)
 java.base/java.util.concurrent.locks.LockSupport.parkNanos(LockSupport.java:269)
 java.base/java.util.concurrent.locks.AbstractQueuedSynchronizer$ConditionObject.await(AbstractQueuedSynchronizer.java:1852)
 java.base/java.lang.ref.ReferenceQueue.await(ReferenceQueue.java:79)
 java.base/java.lang.ref.ReferenceQueue.remove0(ReferenceQueue.java:151)
 java.base/java.lang.ref.ReferenceQueue.remove(ReferenceQueue.java:229)
 com.mysql.cj.jdbc.AbandonedConnectionCleanupThread.run(AbandonedConnectionCleanupThread.java:91)
 java.base/java.util.concurrent.ThreadPoolExecutor.runWorker(ThreadPoolExecutor.java:1144)
 java.base/java.util.concurrent.ThreadPoolExecutor$Worker.run(ThreadPoolExecutor.java:642)
 java.base/java.lang.Thread.run(Thread.java:1575)
05-Aug-2025 21:28:02.195 INFO [Thread-1] org.apache.coyote.AbstractProtocol.stop Stopping ProtocolHandler ["http-nio-8080"]
05-Aug-2025 21:28:02.202 INFO [Thread-1] org.apache.coyote.AbstractProtocol.destroy Destroying ProtocolHandler ["http-nio-8080"]
05-Aug-2025 21:28:02.239 INFO [mysql-cj-abandoned-connection-cleanup] org.apache.catalina.loader.WebappClassLoaderBase.checkStateForResourceLoading Illegal access: this web application instance has been stopped already. Could not load []. The following stack trace is thrown for debugging purposes as well as to attempt to terminate the thread which caused the illegal access.
	java.lang.IllegalStateException: Illegal access: this web application instance has been stopped already. Could not load []. The following stack trace is thrown for debugging purposes as well as to attempt to terminate the thread which caused the illegal access.
		at org.apache.catalina.loader.WebappClassLoaderBase.checkStateForResourceLoading(WebappClassLoaderBase.java:1374)
		at org.apache.catalina.loader.WebappClassLoaderBase.getResource(WebappClassLoaderBase.java:997)
		at com.mysql.cj.jdbc.AbandonedConnectionCleanupThread.checkThreadContextClassLoader(AbandonedConnectionCleanupThread.java:123)
		at com.mysql.cj.jdbc.AbandonedConnectionCleanupThread.run(AbandonedConnectionCleanupThread.java:90)
		at java.base/java.util.concurrent.ThreadPoolExecutor.runWorker(ThreadPoolExecutor.java:1144)
		at java.base/java.util.concurrent.ThreadPoolExecutor$Worker.run(ThreadPoolExecutor.java:642)
		at java.base/java.lang.Thread.run(Thread.java:1575)
05-Aug-2025 21:28:07.053 INFO [main] org.apache.catalina.startup.VersionLoggerListener.log Server version name:   Apache Tomcat/9.0.104
05-Aug-2025 21:28:07.063 INFO [main] org.apache.catalina.startup.VersionLoggerListener.log Server built:          Apr 4 2025 12:32:55 UTC
05-Aug-2025 21:28:07.063 INFO [main] org.apache.catalina.startup.VersionLoggerListener.log Server version number: 9.0.104.0
05-Aug-2025 21:28:07.064 INFO [main] org.apache.catalina.startup.VersionLoggerListener.log OS Name:               Windows 11
05-Aug-2025 21:28:07.064 INFO [main] org.apache.catalina.startup.VersionLoggerListener.log OS Version:            10.0
05-Aug-2025 21:28:07.064 INFO [main] org.apache.catalina.startup.VersionLoggerListener.log Architecture:          amd64
05-Aug-2025 21:28:07.065 INFO [main] org.apache.catalina.startup.VersionLoggerListener.log Java Home:             C:\Users\rashm\.jdks\openjdk-23.0.2
05-Aug-2025 21:28:07.065 INFO [main] org.apache.catalina.startup.VersionLoggerListener.log JVM Version:           23.0.2+7-58
05-Aug-2025 21:28:07.065 INFO [main] org.apache.catalina.startup.VersionLoggerListener.log JVM Vendor:            Oracle Corporation
05-Aug-2025 21:28:07.066 INFO [main] org.apache.catalina.startup.VersionLoggerListener.log CATALINA_BASE:         C:\LocalConnect
05-Aug-2025 21:28:07.066 INFO [main] org.apache.catalina.startup.VersionLoggerListener.log CATALINA_HOME:         C:\apache-tomcat-9.0.104
05-Aug-2025 21:28:07.087 INFO [main] org.apache.catalina.startup.VersionLoggerListener.log Command line argument: --add-opens=java.base/java.lang=ALL-UNNAMED
05-Aug-2025 21:28:07.087 INFO [main] org.apache.catalina.startup.VersionLoggerListener.log Command line argument: --add-opens=java.base/java.io=ALL-UNNAMED
05-Aug-2025 21:28:07.087 INFO [main] org.apache.catalina.startup.VersionLoggerListener.log Command line argument: --add-opens=java.base/java.util=ALL-UNNAMED
05-Aug-2025 21:28:07.088 INFO [main] org.apache.catalina.startup.VersionLoggerListener.log Command line argument: --add-opens=java.base/java.util.concurrent=ALL-UNNAMED
05-Aug-2025 21:28:07.088 INFO [main] org.apache.catalina.startup.VersionLoggerListener.log Command line argument: --add-opens=java.rmi/sun.rmi.transport=ALL-UNNAMED
05-Aug-2025 21:28:07.088 INFO [main] org.apache.catalina.startup.VersionLoggerListener.log Command line argument: -Dcatalina.home=C:\apache-tomcat-9.0.104
05-Aug-2025 21:28:07.089 INFO [main] org.apache.catalina.startup.VersionLoggerListener.log Command line argument: -Dcatalina.base=C:\LocalConnect
05-Aug-2025 21:28:07.089 INFO [main] org.apache.catalina.startup.VersionLoggerListener.log Command line argument: -Djava.io.tmpdir=C:\LocalConnect\temp
05-Aug-2025 21:28:07.089 INFO [main] org.apache.catalina.startup.VersionLoggerListener.log Command line argument: -Djava.util.logging.config.file=C:\LocalConnect\conf\logging.properties
05-Aug-2025 21:28:07.089 INFO [main] org.apache.catalina.startup.VersionLoggerListener.log Command line argument: -Djava.util.logging.manager=org.apache.juli.ClassLoaderLogManager
05-Aug-2025 21:28:07.089 INFO [main] org.apache.catalina.startup.VersionLoggerListener.log Command line argument: -javaagent:C:\Users\rashm\ideaIC-2024.1.4.win\lib\idea_rt.jar=50066:C:\Users\rashm\ideaIC-2024.1.4.win\bin
05-Aug-2025 21:28:07.090 INFO [main] org.apache.catalina.startup.VersionLoggerListener.log Command line argument: -Dfile.encoding=UTF-8
05-Aug-2025 21:28:07.091 INFO [main] org.apache.catalina.startup.VersionLoggerListener.log Command line argument: -Dsun.stdout.encoding=UTF-8
05-Aug-2025 21:28:07.091 INFO [main] org.apache.catalina.startup.VersionLoggerListener.log Command line argument: -Dsun.stderr.encoding=UTF-8
05-Aug-2025 21:28:07.099 INFO [main] org.apache.catalina.core.AprLifecycleListener.lifecycleEvent Loaded Apache Tomcat Native library [1.3.1] using APR version [1.7.4].
05-Aug-2025 21:28:07.100 INFO [main] org.apache.catalina.core.AprLifecycleListener.lifecycleEvent APR capabilities: IPv6 [true], sendfile [true], accept filters [false], random [true], UDS [true].
05-Aug-2025 21:28:07.100 INFO [main] org.apache.catalina.core.AprLifecycleListener.lifecycleEvent APR/OpenSSL configuration: useAprConnector [false], useOpenSSL [true]
05-Aug-2025 21:28:07.115 INFO [main] org.apache.catalina.core.AprLifecycleListener.initializeSSL OpenSSL successfully initialized [OpenSSL 3.0.14 4 Jun 2024]
05-Aug-2025 21:28:07.931 INFO [main] org.apache.coyote.AbstractProtocol.init Initializing ProtocolHandler ["http-nio-8080"]
05-Aug-2025 21:28:07.969 INFO [main] org.apache.catalina.startup.Catalina.load Server initialization in [1407] milliseconds
05-Aug-2025 21:28:08.069 INFO [main] org.apache.catalina.core.StandardService.startInternal Starting service [Catalina]
05-Aug-2025 21:28:08.069 INFO [main] org.apache.catalina.core.StandardEngine.startInternal Starting Servlet engine: [Apache Tomcat/9.0.104]
05-Aug-2025 21:28:08.093 INFO [main] org.apache.catalina.startup.HostConfig.deployDescriptor Deploying deployment descriptor [C:\LocalConnect\conf\Catalina\localhost\connect.xml]
05-Aug-2025 21:28:09.488 INFO [main] org.apache.jasper.servlet.TldScanner.scanJars At least one JAR was scanned for TLDs yet contained no TLDs. Enable debug logging for this logger for a complete list of JARs that were scanned but no TLDs were found in them. Skipping unneeded JARs during scanning can improve startup time and JSP compilation time.
05-Aug-2025 21:28:09.602 INFO [main] org.apache.catalina.startup.HostConfig.deployDescriptor Deployment of deployment descriptor [C:\LocalConnect\conf\Catalina\localhost\connect.xml] has finished in [1,508] ms
05-Aug-2025 21:28:09.613 INFO [main] org.apache.coyote.AbstractProtocol.start Starting ProtocolHandler ["http-nio-8080"]
05-Aug-2025 21:28:09.659 INFO [main] org.apache.catalina.startup.Catalina.start Server startup in [1687] milliseconds
05-Aug-2025 21:37:23.529 INFO [Thread-1] org.apache.coyote.AbstractProtocol.pause Pausing ProtocolHandler ["http-nio-8080"]
05-Aug-2025 21:37:23.547 INFO [Thread-1] org.apache.catalina.core.StandardService.stopInternal Stopping service [Catalina]
05-Aug-2025 21:37:23.618 WARNING [Thread-1] org.apache.catalina.loader.WebappClassLoaderBase.clearReferencesJdbc The web application [connect] registered the JDBC driver [com.mysql.cj.jdbc.Driver] but failed to unregister it when the web application was stopped. To prevent a memory leak, the JDBC Driver has been forcibly unregistered.
05-Aug-2025 21:37:23.621 WARNING [Thread-1] org.apache.catalina.loader.WebappClassLoaderBase.clearReferencesThreads The web application [connect] appears to have started a thread named [mysql-cj-abandoned-connection-cleanup] but has failed to stop it. This is very likely to create a memory leak. Stack trace of thread:
 java.base/jdk.internal.misc.Unsafe.park(Native Method)
 java.base/java.util.concurrent.locks.LockSupport.parkNanos(LockSupport.java:269)
 java.base/java.util.concurrent.locks.AbstractQueuedSynchronizer$ConditionObject.await(AbstractQueuedSynchronizer.java:1852)
 java.base/java.lang.ref.ReferenceQueue.await(ReferenceQueue.java:79)
 java.base/java.lang.ref.ReferenceQueue.remove0(ReferenceQueue.java:151)
 java.base/java.lang.ref.ReferenceQueue.remove(ReferenceQueue.java:229)
 com.mysql.cj.jdbc.AbandonedConnectionCleanupThread.run(AbandonedConnectionCleanupThread.java:91)
 java.base/java.util.concurrent.ThreadPoolExecutor.runWorker(ThreadPoolExecutor.java:1144)
 java.base/java.util.concurrent.ThreadPoolExecutor$Worker.run(ThreadPoolExecutor.java:642)
 java.base/java.lang.Thread.run(Thread.java:1575)
05-Aug-2025 21:37:23.657 INFO [Thread-1] org.apache.coyote.AbstractProtocol.stop Stopping ProtocolHandler ["http-nio-8080"]
05-Aug-2025 21:37:23.672 INFO [Thread-1] org.apache.coyote.AbstractProtocol.destroy Destroying ProtocolHandler ["http-nio-8080"]
05-Aug-2025 21:37:28.269 INFO [main] org.apache.catalina.startup.VersionLoggerListener.log Server version name:   Apache Tomcat/9.0.104
05-Aug-2025 21:37:28.277 INFO [main] org.apache.catalina.startup.VersionLoggerListener.log Server built:          Apr 4 2025 12:32:55 UTC
05-Aug-2025 21:37:28.278 INFO [main] org.apache.catalina.startup.VersionLoggerListener.log Server version number: 9.0.104.0
05-Aug-2025 21:37:28.278 INFO [main] org.apache.catalina.startup.VersionLoggerListener.log OS Name:               Windows 11
05-Aug-2025 21:37:28.278 INFO [main] org.apache.catalina.startup.VersionLoggerListener.log OS Version:            10.0
05-Aug-2025 21:37:28.278 INFO [main] org.apache.catalina.startup.VersionLoggerListener.log Architecture:          amd64
05-Aug-2025 21:37:28.279 INFO [main] org.apache.catalina.startup.VersionLoggerListener.log Java Home:             C:\Users\rashm\.jdks\openjdk-23.0.2
05-Aug-2025 21:37:28.279 INFO [main] org.apache.catalina.startup.VersionLoggerListener.log JVM Version:           23.0.2+7-58
05-Aug-2025 21:37:28.279 INFO [main] org.apache.catalina.startup.VersionLoggerListener.log JVM Vendor:            Oracle Corporation
05-Aug-2025 21:37:28.280 INFO [main] org.apache.catalina.startup.VersionLoggerListener.log CATALINA_BASE:         C:\LocalConnect
05-Aug-2025 21:37:28.280 INFO [main] org.apache.catalina.startup.VersionLoggerListener.log CATALINA_HOME:         C:\apache-tomcat-9.0.104
05-Aug-2025 21:37:28.300 INFO [main] org.apache.catalina.startup.VersionLoggerListener.log Command line argument: --add-opens=java.base/java.lang=ALL-UNNAMED
05-Aug-2025 21:37:28.300 INFO [main] org.apache.catalina.startup.VersionLoggerListener.log Command line argument: --add-opens=java.base/java.io=ALL-UNNAMED
05-Aug-2025 21:37:28.301 INFO [main] org.apache.catalina.startup.VersionLoggerListener.log Command line argument: --add-opens=java.base/java.util=ALL-UNNAMED
05-Aug-2025 21:37:28.301 INFO [main] org.apache.catalina.startup.VersionLoggerListener.log Command line argument: --add-opens=java.base/java.util.concurrent=ALL-UNNAMED
05-Aug-2025 21:37:28.301 INFO [main] org.apache.catalina.startup.VersionLoggerListener.log Command line argument: --add-opens=java.rmi/sun.rmi.transport=ALL-UNNAMED
05-Aug-2025 21:37:28.302 INFO [main] org.apache.catalina.startup.VersionLoggerListener.log Command line argument: -Dcatalina.home=C:\apache-tomcat-9.0.104
05-Aug-2025 21:37:28.302 INFO [main] org.apache.catalina.startup.VersionLoggerListener.log Command line argument: -Dcatalina.base=C:\LocalConnect
05-Aug-2025 21:37:28.302 INFO [main] org.apache.catalina.startup.VersionLoggerListener.log Command line argument: -Djava.io.tmpdir=C:\LocalConnect\temp
05-Aug-2025 21:37:28.302 INFO [main] org.apache.catalina.startup.VersionLoggerListener.log Command line argument: -Djava.util.logging.config.file=C:\LocalConnect\conf\logging.properties
05-Aug-2025 21:37:28.303 INFO [main] org.apache.catalina.startup.VersionLoggerListener.log Command line argument: -Djava.util.logging.manager=org.apache.juli.ClassLoaderLogManager
05-Aug-2025 21:37:28.303 INFO [main] org.apache.catalina.startup.VersionLoggerListener.log Command line argument: -javaagent:C:\Users\rashm\ideaIC-2024.1.4.win\lib\idea_rt.jar=50128:C:\Users\rashm\ideaIC-2024.1.4.win\bin
05-Aug-2025 21:37:28.303 INFO [main] org.apache.catalina.startup.VersionLoggerListener.log Command line argument: -Dfile.encoding=UTF-8
05-Aug-2025 21:37:28.303 INFO [main] org.apache.catalina.startup.VersionLoggerListener.log Command line argument: -Dsun.stdout.encoding=UTF-8
05-Aug-2025 21:37:28.304 INFO [main] org.apache.catalina.startup.VersionLoggerListener.log Command line argument: -Dsun.stderr.encoding=UTF-8
05-Aug-2025 21:37:28.312 INFO [main] org.apache.catalina.core.AprLifecycleListener.lifecycleEvent Loaded Apache Tomcat Native library [1.3.1] using APR version [1.7.4].
05-Aug-2025 21:37:28.313 INFO [main] org.apache.catalina.core.AprLifecycleListener.lifecycleEvent APR capabilities: IPv6 [true], sendfile [true], accept filters [false], random [true], UDS [true].
05-Aug-2025 21:37:28.313 INFO [main] org.apache.catalina.core.AprLifecycleListener.lifecycleEvent APR/OpenSSL configuration: useAprConnector [false], useOpenSSL [true]
05-Aug-2025 21:37:28.329 INFO [main] org.apache.catalina.core.AprLifecycleListener.initializeSSL OpenSSL successfully initialized [OpenSSL 3.0.14 4 Jun 2024]
05-Aug-2025 21:37:29.245 INFO [main] org.apache.coyote.AbstractProtocol.init Initializing ProtocolHandler ["http-nio-8080"]
05-Aug-2025 21:37:29.285 INFO [main] org.apache.catalina.startup.Catalina.load Server initialization in [1585] milliseconds
05-Aug-2025 21:37:29.458 INFO [main] org.apache.catalina.core.StandardService.startInternal Starting service [Catalina]
05-Aug-2025 21:37:29.459 INFO [main] org.apache.catalina.core.StandardEngine.startInternal Starting Servlet engine: [Apache Tomcat/9.0.104]
05-Aug-2025 21:37:29.483 INFO [main] org.apache.catalina.startup.HostConfig.deployDescriptor Deploying deployment descriptor [C:\LocalConnect\conf\Catalina\localhost\connect.xml]
05-Aug-2025 21:37:31.066 INFO [main] org.apache.jasper.servlet.TldScanner.scanJars At least one JAR was scanned for TLDs yet contained no TLDs. Enable debug logging for this logger for a complete list of JARs that were scanned but no TLDs were found in them. Skipping unneeded JARs during scanning can improve startup time and JSP compilation time.
05-Aug-2025 21:37:31.205 INFO [main] org.apache.catalina.startup.HostConfig.deployDescriptor Deployment of deployment descriptor [C:\LocalConnect\conf\Catalina\localhost\connect.xml] has finished in [1,721] ms
05-Aug-2025 21:37:31.215 INFO [main] org.apache.coyote.AbstractProtocol.start Starting ProtocolHandler ["http-nio-8080"]
05-Aug-2025 21:37:31.267 INFO [main] org.apache.catalina.startup.Catalina.start Server startup in [1979] milliseconds
05-Aug-2025 21:39:32.545 INFO [Thread-1] org.apache.coyote.AbstractProtocol.pause Pausing ProtocolHandler ["http-nio-8080"]
05-Aug-2025 21:39:32.556 INFO [Thread-1] org.apache.catalina.core.StandardService.stopInternal Stopping service [Catalina]
05-Aug-2025 21:39:32.574 WARNING [Thread-1] org.apache.catalina.loader.WebappClassLoaderBase.clearReferencesJdbc The web application [connect] registered the JDBC driver [com.mysql.cj.jdbc.Driver] but failed to unregister it when the web application was stopped. To prevent a memory leak, the JDBC Driver has been forcibly unregistered.
05-Aug-2025 21:39:32.575 WARNING [Thread-1] org.apache.catalina.loader.WebappClassLoaderBase.clearReferencesThreads The web application [connect] appears to have started a thread named [mysql-cj-abandoned-connection-cleanup] but has failed to stop it. This is very likely to create a memory leak. Stack trace of thread:
 java.base/jdk.internal.misc.Unsafe.park(Native Method)
 java.base/java.util.concurrent.locks.LockSupport.parkNanos(LockSupport.java:269)
 java.base/java.util.concurrent.locks.AbstractQueuedSynchronizer$ConditionObject.await(AbstractQueuedSynchronizer.java:1852)
 java.base/java.lang.ref.ReferenceQueue.await(ReferenceQueue.java:79)
 java.base/java.lang.ref.ReferenceQueue.remove0(ReferenceQueue.java:151)
 java.base/java.lang.ref.ReferenceQueue.remove(ReferenceQueue.java:229)
 com.mysql.cj.jdbc.AbandonedConnectionCleanupThread.run(AbandonedConnectionCleanupThread.java:91)
 java.base/java.util.concurrent.ThreadPoolExecutor.runWorker(ThreadPoolExecutor.java:1144)
 java.base/java.util.concurrent.ThreadPoolExecutor$Worker.run(ThreadPoolExecutor.java:642)
 java.base/java.lang.Thread.run(Thread.java:1575)
05-Aug-2025 21:39:32.590 INFO [Thread-1] org.apache.coyote.AbstractProtocol.stop Stopping ProtocolHandler ["http-nio-8080"]
05-Aug-2025 21:39:32.604 INFO [Thread-1] org.apache.coyote.AbstractProtocol.destroy Destroying ProtocolHandler ["http-nio-8080"]
05-Aug-2025 21:39:35.631 INFO [main] org.apache.catalina.startup.VersionLoggerListener.log Server version name:   Apache Tomcat/9.0.104
05-Aug-2025 21:39:35.644 INFO [main] org.apache.catalina.startup.VersionLoggerListener.log Server built:          Apr 4 2025 12:32:55 UTC
05-Aug-2025 21:39:35.645 INFO [main] org.apache.catalina.startup.VersionLoggerListener.log Server version number: 9.0.104.0
05-Aug-2025 21:39:35.646 INFO [main] org.apache.catalina.startup.VersionLoggerListener.log OS Name:               Windows 11
05-Aug-2025 21:39:35.646 INFO [main] org.apache.catalina.startup.VersionLoggerListener.log OS Version:            10.0
05-Aug-2025 21:39:35.646 INFO [main] org.apache.catalina.startup.VersionLoggerListener.log Architecture:          amd64
05-Aug-2025 21:39:35.647 INFO [main] org.apache.catalina.startup.VersionLoggerListener.log Java Home:             C:\Users\rashm\.jdks\openjdk-23.0.2
05-Aug-2025 21:39:35.647 INFO [main] org.apache.catalina.startup.VersionLoggerListener.log JVM Version:           23.0.2+7-58
05-Aug-2025 21:39:35.647 INFO [main] org.apache.catalina.startup.VersionLoggerListener.log JVM Vendor:            Oracle Corporation
05-Aug-2025 21:39:35.648 INFO [main] org.apache.catalina.startup.VersionLoggerListener.log CATALINA_BASE:         C:\LocalConnect
05-Aug-2025 21:39:35.649 INFO [main] org.apache.catalina.startup.VersionLoggerListener.log CATALINA_HOME:         C:\apache-tomcat-9.0.104
05-Aug-2025 21:39:35.669 INFO [main] org.apache.catalina.startup.VersionLoggerListener.log Command line argument: --add-opens=java.base/java.lang=ALL-UNNAMED
05-Aug-2025 21:39:35.669 INFO [main] org.apache.catalina.startup.VersionLoggerListener.log Command line argument: --add-opens=java.base/java.io=ALL-UNNAMED
05-Aug-2025 21:39:35.670 INFO [main] org.apache.catalina.startup.VersionLoggerListener.log Command line argument: --add-opens=java.base/java.util=ALL-UNNAMED
05-Aug-2025 21:39:35.670 INFO [main] org.apache.catalina.startup.VersionLoggerListener.log Command line argument: --add-opens=java.base/java.util.concurrent=ALL-UNNAMED
05-Aug-2025 21:39:35.670 INFO [main] org.apache.catalina.startup.VersionLoggerListener.log Command line argument: --add-opens=java.rmi/sun.rmi.transport=ALL-UNNAMED
05-Aug-2025 21:39:35.671 INFO [main] org.apache.catalina.startup.VersionLoggerListener.log Command line argument: -Dcatalina.home=C:\apache-tomcat-9.0.104
05-Aug-2025 21:39:35.671 INFO [main] org.apache.catalina.startup.VersionLoggerListener.log Command line argument: -Dcatalina.base=C:\LocalConnect
05-Aug-2025 21:39:35.671 INFO [main] org.apache.catalina.startup.VersionLoggerListener.log Command line argument: -Djava.io.tmpdir=C:\LocalConnect\temp
05-Aug-2025 21:39:35.672 INFO [main] org.apache.catalina.startup.VersionLoggerListener.log Command line argument: -Djava.util.logging.config.file=C:\LocalConnect\conf\logging.properties
05-Aug-2025 21:39:35.672 INFO [main] org.apache.catalina.startup.VersionLoggerListener.log Command line argument: -Djava.util.logging.manager=org.apache.juli.ClassLoaderLogManager
05-Aug-2025 21:39:35.672 INFO [main] org.apache.catalina.startup.VersionLoggerListener.log Command line argument: -javaagent:C:\Users\rashm\ideaIC-2024.1.4.win\lib\idea_rt.jar=50180:C:\Users\rashm\ideaIC-2024.1.4.win\bin
05-Aug-2025 21:39:35.673 INFO [main] org.apache.catalina.startup.VersionLoggerListener.log Command line argument: -Dfile.encoding=UTF-8
05-Aug-2025 21:39:35.673 INFO [main] org.apache.catalina.startup.VersionLoggerListener.log Command line argument: -Dsun.stdout.encoding=UTF-8
05-Aug-2025 21:39:35.673 INFO [main] org.apache.catalina.startup.VersionLoggerListener.log Command line argument: -Dsun.stderr.encoding=UTF-8
05-Aug-2025 21:39:35.682 INFO [main] org.apache.catalina.core.AprLifecycleListener.lifecycleEvent Loaded Apache Tomcat Native library [1.3.1] using APR version [1.7.4].
05-Aug-2025 21:39:35.682 INFO [main] org.apache.catalina.core.AprLifecycleListener.lifecycleEvent APR capabilities: IPv6 [true], sendfile [true], accept filters [false], random [true], UDS [true].
05-Aug-2025 21:39:35.682 INFO [main] org.apache.catalina.core.AprLifecycleListener.lifecycleEvent APR/OpenSSL configuration: useAprConnector [false], useOpenSSL [true]
05-Aug-2025 21:39:35.699 INFO [main] org.apache.catalina.core.AprLifecycleListener.initializeSSL OpenSSL successfully initialized [OpenSSL 3.0.14 4 Jun 2024]
05-Aug-2025 21:39:36.566 INFO [main] org.apache.coyote.AbstractProtocol.init Initializing ProtocolHandler ["http-nio-8080"]
05-Aug-2025 21:39:36.604 INFO [main] org.apache.catalina.startup.Catalina.load Server initialization in [1467] milliseconds
05-Aug-2025 21:39:36.720 INFO [main] org.apache.catalina.core.StandardService.startInternal Starting service [Catalina]
05-Aug-2025 21:39:36.721 INFO [main] org.apache.catalina.core.StandardEngine.startInternal Starting Servlet engine: [Apache Tomcat/9.0.104]
05-Aug-2025 21:39:36.746 INFO [main] org.apache.catalina.startup.HostConfig.deployDescriptor Deploying deployment descriptor [C:\LocalConnect\conf\Catalina\localhost\connect.xml]
05-Aug-2025 21:39:38.049 INFO [main] org.apache.jasper.servlet.TldScanner.scanJars At least one JAR was scanned for TLDs yet contained no TLDs. Enable debug logging for this logger for a complete list of JARs that were scanned but no TLDs were found in them. Skipping unneeded JARs during scanning can improve startup time and JSP compilation time.
05-Aug-2025 21:39:38.162 INFO [main] org.apache.catalina.startup.HostConfig.deployDescriptor Deployment of deployment descriptor [C:\LocalConnect\conf\Catalina\localhost\connect.xml] has finished in [1,414] ms
05-Aug-2025 21:39:38.172 INFO [main] org.apache.coyote.AbstractProtocol.start Starting ProtocolHandler ["http-nio-8080"]
05-Aug-2025 21:39:38.213 INFO [main] org.apache.catalina.startup.Catalina.start Server startup in [1606] milliseconds
05-Aug-2025 21:40:53.863 INFO [Thread-1] org.apache.coyote.AbstractProtocol.pause Pausing ProtocolHandler ["http-nio-8080"]
05-Aug-2025 21:40:53.873 INFO [Thread-1] org.apache.catalina.core.StandardService.stopInternal Stopping service [Catalina]
05-Aug-2025 21:40:53.891 WARNING [Thread-1] org.apache.catalina.loader.WebappClassLoaderBase.clearReferencesJdbc The web application [connect] registered the JDBC driver [com.mysql.cj.jdbc.Driver] but failed to unregister it when the web application was stopped. To prevent a memory leak, the JDBC Driver has been forcibly unregistered.
05-Aug-2025 21:40:53.892 WARNING [Thread-1] org.apache.catalina.loader.WebappClassLoaderBase.clearReferencesThreads The web application [connect] appears to have started a thread named [mysql-cj-abandoned-connection-cleanup] but has failed to stop it. This is very likely to create a memory leak. Stack trace of thread:
 java.base/jdk.internal.misc.Unsafe.park(Native Method)
 java.base/java.util.concurrent.locks.LockSupport.parkNanos(LockSupport.java:269)
 java.base/java.util.concurrent.locks.AbstractQueuedSynchronizer$ConditionObject.await(AbstractQueuedSynchronizer.java:1852)
 java.base/java.lang.ref.ReferenceQueue.await(ReferenceQueue.java:79)
 java.base/java.lang.ref.ReferenceQueue.remove0(ReferenceQueue.java:151)
 java.base/java.lang.ref.ReferenceQueue.remove(ReferenceQueue.java:229)
 com.mysql.cj.jdbc.AbandonedConnectionCleanupThread.run(AbandonedConnectionCleanupThread.java:91)
 java.base/java.util.concurrent.ThreadPoolExecutor.runWorker(ThreadPoolExecutor.java:1144)
 java.base/java.util.concurrent.ThreadPoolExecutor$Worker.run(ThreadPoolExecutor.java:642)
 java.base/java.lang.Thread.run(Thread.java:1575)
05-Aug-2025 21:40:53.910 INFO [Thread-1] org.apache.coyote.AbstractProtocol.stop Stopping ProtocolHandler ["http-nio-8080"]
05-Aug-2025 21:40:53.923 INFO [Thread-1] org.apache.coyote.AbstractProtocol.destroy Destroying ProtocolHandler ["http-nio-8080"]
05-Aug-2025 21:40:53.964 INFO [mysql-cj-abandoned-connection-cleanup] org.apache.catalina.loader.WebappClassLoaderBase.checkStateForResourceLoading Illegal access: this web application instance has been stopped already. Could not load []. The following stack trace is thrown for debugging purposes as well as to attempt to terminate the thread which caused the illegal access.
	java.lang.IllegalStateException: Illegal access: this web application instance has been stopped already. Could not load []. The following stack trace is thrown for debugging purposes as well as to attempt to terminate the thread which caused the illegal access.
		at org.apache.catalina.loader.WebappClassLoaderBase.checkStateForResourceLoading(WebappClassLoaderBase.java:1374)
		at org.apache.catalina.loader.WebappClassLoaderBase.getResource(WebappClassLoaderBase.java:997)
		at com.mysql.cj.jdbc.AbandonedConnectionCleanupThread.checkThreadContextClassLoader(AbandonedConnectionCleanupThread.java:123)
		at com.mysql.cj.jdbc.AbandonedConnectionCleanupThread.run(AbandonedConnectionCleanupThread.java:90)
		at java.base/java.util.concurrent.ThreadPoolExecutor.runWorker(ThreadPoolExecutor.java:1144)
		at java.base/java.util.concurrent.ThreadPoolExecutor$Worker.run(ThreadPoolExecutor.java:642)
		at java.base/java.lang.Thread.run(Thread.java:1575)
05-Aug-2025 21:40:57.051 INFO [main] org.apache.catalina.startup.VersionLoggerListener.log Server version name:   Apache Tomcat/9.0.104
05-Aug-2025 21:40:57.060 INFO [main] org.apache.catalina.startup.VersionLoggerListener.log Server built:          Apr 4 2025 12:32:55 UTC
05-Aug-2025 21:40:57.061 INFO [main] org.apache.catalina.startup.VersionLoggerListener.log Server version number: 9.0.104.0
05-Aug-2025 21:40:57.061 INFO [main] org.apache.catalina.startup.VersionLoggerListener.log OS Name:               Windows 11
05-Aug-2025 21:40:57.062 INFO [main] org.apache.catalina.startup.VersionLoggerListener.log OS Version:            10.0
05-Aug-2025 21:40:57.062 INFO [main] org.apache.catalina.startup.VersionLoggerListener.log Architecture:          amd64
05-Aug-2025 21:40:57.062 INFO [main] org.apache.catalina.startup.VersionLoggerListener.log Java Home:             C:\Users\rashm\.jdks\openjdk-23.0.2
05-Aug-2025 21:40:57.063 INFO [main] org.apache.catalina.startup.VersionLoggerListener.log JVM Version:           23.0.2+7-58
05-Aug-2025 21:40:57.063 INFO [main] org.apache.catalina.startup.VersionLoggerListener.log JVM Vendor:            Oracle Corporation
05-Aug-2025 21:40:57.063 INFO [main] org.apache.catalina.startup.VersionLoggerListener.log CATALINA_BASE:         C:\LocalConnect
05-Aug-2025 21:40:57.064 INFO [main] org.apache.catalina.startup.VersionLoggerListener.log CATALINA_HOME:         C:\apache-tomcat-9.0.104
05-Aug-2025 21:40:57.081 INFO [main] org.apache.catalina.startup.VersionLoggerListener.log Command line argument: --add-opens=java.base/java.lang=ALL-UNNAMED
05-Aug-2025 21:40:57.081 INFO [main] org.apache.catalina.startup.VersionLoggerListener.log Command line argument: --add-opens=java.base/java.io=ALL-UNNAMED
05-Aug-2025 21:40:57.081 INFO [main] org.apache.catalina.startup.VersionLoggerListener.log Command line argument: --add-opens=java.base/java.util=ALL-UNNAMED
05-Aug-2025 21:40:57.082 INFO [main] org.apache.catalina.startup.VersionLoggerListener.log Command line argument: --add-opens=java.base/java.util.concurrent=ALL-UNNAMED
05-Aug-2025 21:40:57.082 INFO [main] org.apache.catalina.startup.VersionLoggerListener.log Command line argument: --add-opens=java.rmi/sun.rmi.transport=ALL-UNNAMED
05-Aug-2025 21:40:57.082 INFO [main] org.apache.catalina.startup.VersionLoggerListener.log Command line argument: -Dcatalina.home=C:\apache-tomcat-9.0.104
05-Aug-2025 21:40:57.082 INFO [main] org.apache.catalina.startup.VersionLoggerListener.log Command line argument: -Dcatalina.base=C:\LocalConnect
05-Aug-2025 21:40:57.082 INFO [main] org.apache.catalina.startup.VersionLoggerListener.log Command line argument: -Djava.io.tmpdir=C:\LocalConnect\temp
05-Aug-2025 21:40:57.083 INFO [main] org.apache.catalina.startup.VersionLoggerListener.log Command line argument: -Djava.util.logging.config.file=C:\LocalConnect\conf\logging.properties
05-Aug-2025 21:40:57.083 INFO [main] org.apache.catalina.startup.VersionLoggerListener.log Command line argument: -Djava.util.logging.manager=org.apache.juli.ClassLoaderLogManager
05-Aug-2025 21:40:57.083 INFO [main] org.apache.catalina.startup.VersionLoggerListener.log Command line argument: -javaagent:C:\Users\rashm\ideaIC-2024.1.4.win\lib\idea_rt.jar=50227:C:\Users\rashm\ideaIC-2024.1.4.win\bin
05-Aug-2025 21:40:57.083 INFO [main] org.apache.catalina.startup.VersionLoggerListener.log Command line argument: -Dfile.encoding=UTF-8
05-Aug-2025 21:40:57.083 INFO [main] org.apache.catalina.startup.VersionLoggerListener.log Command line argument: -Dsun.stdout.encoding=UTF-8
05-Aug-2025 21:40:57.084 INFO [main] org.apache.catalina.startup.VersionLoggerListener.log Command line argument: -Dsun.stderr.encoding=UTF-8
05-Aug-2025 21:40:57.092 INFO [main] org.apache.catalina.core.AprLifecycleListener.lifecycleEvent Loaded Apache Tomcat Native library [1.3.1] using APR version [1.7.4].
05-Aug-2025 21:40:57.093 INFO [main] org.apache.catalina.core.AprLifecycleListener.lifecycleEvent APR capabilities: IPv6 [true], sendfile [true], accept filters [false], random [true], UDS [true].
05-Aug-2025 21:40:57.093 INFO [main] org.apache.catalina.core.AprLifecycleListener.lifecycleEvent APR/OpenSSL configuration: useAprConnector [false], useOpenSSL [true]
05-Aug-2025 21:40:57.111 INFO [main] org.apache.catalina.core.AprLifecycleListener.initializeSSL OpenSSL successfully initialized [OpenSSL 3.0.14 4 Jun 2024]
05-Aug-2025 21:40:57.992 INFO [main] org.apache.coyote.AbstractProtocol.init Initializing ProtocolHandler ["http-nio-8080"]
05-Aug-2025 21:40:58.037 INFO [main] org.apache.catalina.startup.Catalina.load Server initialization in [1498] milliseconds
05-Aug-2025 21:40:58.149 INFO [main] org.apache.catalina.core.StandardService.startInternal Starting service [Catalina]
05-Aug-2025 21:40:58.149 INFO [main] org.apache.catalina.core.StandardEngine.startInternal Starting Servlet engine: [Apache Tomcat/9.0.104]
05-Aug-2025 21:40:58.174 INFO [main] org.apache.catalina.startup.HostConfig.deployDescriptor Deploying deployment descriptor [C:\LocalConnect\conf\Catalina\localhost\connect.xml]
05-Aug-2025 21:40:59.616 INFO [main] org.apache.jasper.servlet.TldScanner.scanJars At least one JAR was scanned for TLDs yet contained no TLDs. Enable debug logging for this logger for a complete list of JARs that were scanned but no TLDs were found in them. Skipping unneeded JARs during scanning can improve startup time and JSP compilation time.
05-Aug-2025 21:40:59.735 INFO [main] org.apache.catalina.startup.HostConfig.deployDescriptor Deployment of deployment descriptor [C:\LocalConnect\conf\Catalina\localhost\connect.xml] has finished in [1,561] ms
05-Aug-2025 21:40:59.743 INFO [main] org.apache.coyote.AbstractProtocol.start Starting ProtocolHandler ["http-nio-8080"]
05-Aug-2025 21:40:59.791 INFO [main] org.apache.catalina.startup.Catalina.start Server startup in [1749] milliseconds
05-Aug-2025 21:46:44.927 INFO [Thread-1] org.apache.coyote.AbstractProtocol.pause Pausing ProtocolHandler ["http-nio-8080"]
05-Aug-2025 21:46:44.943 INFO [Thread-1] org.apache.catalina.core.StandardService.stopInternal Stopping service [Catalina]
05-Aug-2025 21:46:44.983 WARNING [Thread-1] org.apache.catalina.loader.WebappClassLoaderBase.clearReferencesJdbc The web application [connect] registered the JDBC driver [com.mysql.cj.jdbc.Driver] but failed to unregister it when the web application was stopped. To prevent a memory leak, the JDBC Driver has been forcibly unregistered.
05-Aug-2025 21:46:44.984 WARNING [Thread-1] org.apache.catalina.loader.WebappClassLoaderBase.clearReferencesThreads The web application [connect] appears to have started a thread named [mysql-cj-abandoned-connection-cleanup] but has failed to stop it. This is very likely to create a memory leak. Stack trace of thread:
 java.base/jdk.internal.misc.Unsafe.park(Native Method)
 java.base/java.util.concurrent.locks.LockSupport.parkNanos(LockSupport.java:269)
 java.base/java.util.concurrent.locks.AbstractQueuedSynchronizer$ConditionObject.await(AbstractQueuedSynchronizer.java:1852)
 java.base/java.lang.ref.ReferenceQueue.await(ReferenceQueue.java:79)
 java.base/java.lang.ref.ReferenceQueue.remove0(ReferenceQueue.java:151)
 java.base/java.lang.ref.ReferenceQueue.remove(ReferenceQueue.java:229)
 com.mysql.cj.jdbc.AbandonedConnectionCleanupThread.run(AbandonedConnectionCleanupThread.java:91)
 java.base/java.util.concurrent.ThreadPoolExecutor.runWorker(ThreadPoolExecutor.java:1144)
 java.base/java.util.concurrent.ThreadPoolExecutor$Worker.run(ThreadPoolExecutor.java:642)
 java.base/java.lang.Thread.run(Thread.java:1575)
05-Aug-2025 21:46:45.011 INFO [Thread-1] org.apache.coyote.AbstractProtocol.stop Stopping ProtocolHandler ["http-nio-8080"]
05-Aug-2025 21:46:45.029 INFO [Thread-1] org.apache.coyote.AbstractProtocol.destroy Destroying ProtocolHandler ["http-nio-8080"]
05-Aug-2025 21:46:45.130 INFO [mysql-cj-abandoned-connection-cleanup] org.apache.catalina.loader.WebappClassLoaderBase.checkStateForResourceLoading Illegal access: this web application instance has been stopped already. Could not load []. The following stack trace is thrown for debugging purposes as well as to attempt to terminate the thread which caused the illegal access.
	java.lang.IllegalStateException: Illegal access: this web application instance has been stopped already. Could not load []. The following stack trace is thrown for debugging purposes as well as to attempt to terminate the thread which caused the illegal access.
		at org.apache.catalina.loader.WebappClassLoaderBase.checkStateForResourceLoading(WebappClassLoaderBase.java:1374)
		at org.apache.catalina.loader.WebappClassLoaderBase.getResource(WebappClassLoaderBase.java:997)
		at com.mysql.cj.jdbc.AbandonedConnectionCleanupThread.checkThreadContextClassLoader(AbandonedConnectionCleanupThread.java:123)
		at com.mysql.cj.jdbc.AbandonedConnectionCleanupThread.run(AbandonedConnectionCleanupThread.java:90)
		at java.base/java.util.concurrent.ThreadPoolExecutor.runWorker(ThreadPoolExecutor.java:1144)
		at java.base/java.util.concurrent.ThreadPoolExecutor$Worker.run(ThreadPoolExecutor.java:642)
		at java.base/java.lang.Thread.run(Thread.java:1575)
05-Aug-2025 22:21:33.470 INFO [main] org.apache.catalina.startup.VersionLoggerListener.log Server version name:   Apache Tomcat/9.0.104
05-Aug-2025 22:21:33.479 INFO [main] org.apache.catalina.startup.VersionLoggerListener.log Server built:          Apr 4 2025 12:32:55 UTC
05-Aug-2025 22:21:33.480 INFO [main] org.apache.catalina.startup.VersionLoggerListener.log Server version number: 9.0.104.0
05-Aug-2025 22:21:33.480 INFO [main] org.apache.catalina.startup.VersionLoggerListener.log OS Name:               Windows 11
05-Aug-2025 22:21:33.480 INFO [main] org.apache.catalina.startup.VersionLoggerListener.log OS Version:            10.0
05-Aug-2025 22:21:33.481 INFO [main] org.apache.catalina.startup.VersionLoggerListener.log Architecture:          amd64
05-Aug-2025 22:21:33.481 INFO [main] org.apache.catalina.startup.VersionLoggerListener.log Java Home:             C:\Users\rashm\.jdks\openjdk-23.0.2
05-Aug-2025 22:21:33.481 INFO [main] org.apache.catalina.startup.VersionLoggerListener.log JVM Version:           23.0.2+7-58
05-Aug-2025 22:21:33.482 INFO [main] org.apache.catalina.startup.VersionLoggerListener.log JVM Vendor:            Oracle Corporation
05-Aug-2025 22:21:33.482 INFO [main] org.apache.catalina.startup.VersionLoggerListener.log CATALINA_BASE:         C:\LocalConnect
05-Aug-2025 22:21:33.482 INFO [main] org.apache.catalina.startup.VersionLoggerListener.log CATALINA_HOME:         C:\apache-tomcat-9.0.104
05-Aug-2025 22:21:33.501 INFO [main] org.apache.catalina.startup.VersionLoggerListener.log Command line argument: --add-opens=java.base/java.lang=ALL-UNNAMED
05-Aug-2025 22:21:33.501 INFO [main] org.apache.catalina.startup.VersionLoggerListener.log Command line argument: --add-opens=java.base/java.io=ALL-UNNAMED
05-Aug-2025 22:21:33.501 INFO [main] org.apache.catalina.startup.VersionLoggerListener.log Command line argument: --add-opens=java.base/java.util=ALL-UNNAMED
05-Aug-2025 22:21:33.501 INFO [main] org.apache.catalina.startup.VersionLoggerListener.log Command line argument: --add-opens=java.base/java.util.concurrent=ALL-UNNAMED
05-Aug-2025 22:21:33.502 INFO [main] org.apache.catalina.startup.VersionLoggerListener.log Command line argument: --add-opens=java.rmi/sun.rmi.transport=ALL-UNNAMED
05-Aug-2025 22:21:33.502 INFO [main] org.apache.catalina.startup.VersionLoggerListener.log Command line argument: -Dcatalina.home=C:\apache-tomcat-9.0.104
05-Aug-2025 22:21:33.502 INFO [main] org.apache.catalina.startup.VersionLoggerListener.log Command line argument: -Dcatalina.base=C:\LocalConnect
05-Aug-2025 22:21:33.502 INFO [main] org.apache.catalina.startup.VersionLoggerListener.log Command line argument: -Djava.io.tmpdir=C:\LocalConnect\temp
05-Aug-2025 22:21:33.502 INFO [main] org.apache.catalina.startup.VersionLoggerListener.log Command line argument: -Djava.util.logging.config.file=C:\LocalConnect\conf\logging.properties
05-Aug-2025 22:21:33.502 INFO [main] org.apache.catalina.startup.VersionLoggerListener.log Command line argument: -Djava.util.logging.manager=org.apache.juli.ClassLoaderLogManager
05-Aug-2025 22:21:33.502 INFO [main] org.apache.catalina.startup.VersionLoggerListener.log Command line argument: -javaagent:C:\Users\rashm\ideaIC-2024.1.4.win\lib\idea_rt.jar=50473:C:\Users\rashm\ideaIC-2024.1.4.win\bin
05-Aug-2025 22:21:33.503 INFO [main] org.apache.catalina.startup.VersionLoggerListener.log Command line argument: -Dfile.encoding=UTF-8
05-Aug-2025 22:21:33.503 INFO [main] org.apache.catalina.startup.VersionLoggerListener.log Command line argument: -Dsun.stdout.encoding=UTF-8
05-Aug-2025 22:21:33.503 INFO [main] org.apache.catalina.startup.VersionLoggerListener.log Command line argument: -Dsun.stderr.encoding=UTF-8
05-Aug-2025 22:21:33.514 INFO [main] org.apache.catalina.core.AprLifecycleListener.lifecycleEvent Loaded Apache Tomcat Native library [1.3.1] using APR version [1.7.4].
05-Aug-2025 22:21:33.515 INFO [main] org.apache.catalina.core.AprLifecycleListener.lifecycleEvent APR capabilities: IPv6 [true], sendfile [true], accept filters [false], random [true], UDS [true].
05-Aug-2025 22:21:33.515 INFO [main] org.apache.catalina.core.AprLifecycleListener.lifecycleEvent APR/OpenSSL configuration: useAprConnector [false], useOpenSSL [true]
05-Aug-2025 22:21:33.531 INFO [main] org.apache.catalina.core.AprLifecycleListener.initializeSSL OpenSSL successfully initialized [OpenSSL 3.0.14 4 Jun 2024]
05-Aug-2025 22:21:34.418 INFO [main] org.apache.coyote.AbstractProtocol.init Initializing ProtocolHandler ["http-nio-8080"]
05-Aug-2025 22:21:34.460 INFO [main] org.apache.catalina.startup.Catalina.load Server initialization in [1565] milliseconds
05-Aug-2025 22:21:34.579 INFO [main] org.apache.catalina.core.StandardService.startInternal Starting service [Catalina]
05-Aug-2025 22:21:34.579 INFO [main] org.apache.catalina.core.StandardEngine.startInternal Starting Servlet engine: [Apache Tomcat/9.0.104]
05-Aug-2025 22:21:34.605 INFO [main] org.apache.catalina.startup.HostConfig.deployDescriptor Deploying deployment descriptor [C:\LocalConnect\conf\Catalina\localhost\connect.xml]
05-Aug-2025 22:21:36.077 INFO [main] org.apache.jasper.servlet.TldScanner.scanJars At least one JAR was scanned for TLDs yet contained no TLDs. Enable debug logging for this logger for a complete list of JARs that were scanned but no TLDs were found in them. Skipping unneeded JARs during scanning can improve startup time and JSP compilation time.
05-Aug-2025 22:21:36.203 INFO [main] org.apache.catalina.startup.HostConfig.deployDescriptor Deployment of deployment descriptor [C:\LocalConnect\conf\Catalina\localhost\connect.xml] has finished in [1,597] ms
05-Aug-2025 22:21:36.212 INFO [main] org.apache.coyote.AbstractProtocol.start Starting ProtocolHandler ["http-nio-8080"]
05-Aug-2025 22:21:36.257 INFO [main] org.apache.catalina.startup.Catalina.start Server startup in [1794] milliseconds
05-Aug-2025 22:28:00.450 INFO [Thread-1] org.apache.coyote.AbstractProtocol.pause Pausing ProtocolHandler ["http-nio-8080"]
05-Aug-2025 22:28:00.461 INFO [Thread-1] org.apache.catalina.core.StandardService.stopInternal Stopping service [Catalina]
05-Aug-2025 22:28:00.493 WARNING [Thread-1] org.apache.catalina.loader.WebappClassLoaderBase.clearReferencesJdbc The web application [connect] registered the JDBC driver [com.mysql.cj.jdbc.Driver] but failed to unregister it when the web application was stopped. To prevent a memory leak, the JDBC Driver has been forcibly unregistered.
05-Aug-2025 22:28:00.495 WARNING [Thread-1] org.apache.catalina.loader.WebappClassLoaderBase.clearReferencesThreads The web application [connect] appears to have started a thread named [mysql-cj-abandoned-connection-cleanup] but has failed to stop it. This is very likely to create a memory leak. Stack trace of thread:
 java.base/jdk.internal.misc.Unsafe.park(Native Method)
 java.base/java.util.concurrent.locks.LockSupport.parkNanos(LockSupport.java:269)
 java.base/java.util.concurrent.locks.AbstractQueuedSynchronizer$ConditionObject.await(AbstractQueuedSynchronizer.java:1852)
 java.base/java.lang.ref.ReferenceQueue.await(ReferenceQueue.java:79)
 java.base/java.lang.ref.ReferenceQueue.remove0(ReferenceQueue.java:151)
 java.base/java.lang.ref.ReferenceQueue.remove(ReferenceQueue.java:229)
 com.mysql.cj.jdbc.AbandonedConnectionCleanupThread.run(AbandonedConnectionCleanupThread.java:91)
 java.base/java.util.concurrent.ThreadPoolExecutor.runWorker(ThreadPoolExecutor.java:1144)
 java.base/java.util.concurrent.ThreadPoolExecutor$Worker.run(ThreadPoolExecutor.java:642)
 java.base/java.lang.Thread.run(Thread.java:1575)
05-Aug-2025 22:28:00.514 INFO [Thread-1] org.apache.coyote.AbstractProtocol.stop Stopping ProtocolHandler ["http-nio-8080"]
05-Aug-2025 22:28:00.526 INFO [Thread-1] org.apache.coyote.AbstractProtocol.destroy Destroying ProtocolHandler ["http-nio-8080"]
05-Aug-2025 22:28:00.614 INFO [mysql-cj-abandoned-connection-cleanup] org.apache.catalina.loader.WebappClassLoaderBase.checkStateForResourceLoading Illegal access: this web application instance has been stopped already. Could not load []. The following stack trace is thrown for debugging purposes as well as to attempt to terminate the thread which caused the illegal access.
	java.lang.IllegalStateException: Illegal access: this web application instance has been stopped already. Could not load []. The following stack trace is thrown for debugging purposes as well as to attempt to terminate the thread which caused the illegal access.
		at org.apache.catalina.loader.WebappClassLoaderBase.checkStateForResourceLoading(WebappClassLoaderBase.java:1374)
		at org.apache.catalina.loader.WebappClassLoaderBase.getResource(WebappClassLoaderBase.java:997)
		at com.mysql.cj.jdbc.AbandonedConnectionCleanupThread.checkThreadContextClassLoader(AbandonedConnectionCleanupThread.java:123)
		at com.mysql.cj.jdbc.AbandonedConnectionCleanupThread.run(AbandonedConnectionCleanupThread.java:90)
		at java.base/java.util.concurrent.ThreadPoolExecutor.runWorker(ThreadPoolExecutor.java:1144)
		at java.base/java.util.concurrent.ThreadPoolExecutor$Worker.run(ThreadPoolExecutor.java:642)
		at java.base/java.lang.Thread.run(Thread.java:1575)
